2020-11-15 13:02:06.275 [main] WARN  org.springframework.boot.StartupInfoLogger - InetAddress.getLocalHost().getHostName() took 5004 milliseconds to respond. Please verify your network configuration (macOS machines may need to add entries to /etc/hosts).
2020-11-15 13:02:11.291 [main] INFO  com.zmj.ZmjApplication - Starting ZmjApplication on gaihongweideMacBook-Air.local with PID 12758 (/Users/gaihongwei/tools/eclipse/workspace/zmj-resttemplate/target/classes started by gaihongwei in /Users/gaihongwei/tools/eclipse/workspace/zmj-resttemplate)
2020-11-15 13:02:11.292 [main] INFO  com.zmj.ZmjApplication - No active profile set, falling back to default profiles: default
2020-11-15 13:02:12.818 [main] WARN  org.mybatis.spring.mapper.ClassPathMapperScanner - Skipping MapperFactoryBean with name 'btcDao' and 'com.zmj.dao.btcd.BtcDao' mapperInterface. Bean already defined with the same name!
2020-11-15 13:02:12.818 [main] WARN  org.mybatis.spring.mapper.ClassPathMapperScanner - Skipping MapperFactoryBean with name 'tbCurrencyInfoDao' and 'com.zmj.dao.platform.TbCurrencyInfoDao' mapperInterface. Bean already defined with the same name!
2020-11-15 13:02:12.818 [main] WARN  org.mybatis.spring.mapper.ClassPathMapperScanner - Skipping MapperFactoryBean with name 'mainDao' and 'com.zmj.dao.orther.base.MainDao' mapperInterface. Bean already defined with the same name!
2020-11-15 13:02:12.818 [main] WARN  org.mybatis.spring.mapper.ClassPathMapperScanner - Skipping MapperFactoryBean with name 'documentarySmsDao' and 'com.zmj.dao.orther.future.DocumentarySmsDao' mapperInterface. Bean already defined with the same name!
2020-11-15 13:02:12.819 [main] WARN  org.mybatis.spring.mapper.ClassPathMapperScanner - Skipping MapperFactoryBean with name 'fexDao' and 'com.zmj.dao.orther.regular.FexDao' mapperInterface. Bean already defined with the same name!
2020-11-15 13:02:12.819 [main] WARN  org.mybatis.spring.mapper.ClassPathMapperScanner - Skipping MapperFactoryBean with name 'userDao' and 'com.zmj.dao.platform.UserDao' mapperInterface. Bean already defined with the same name!
2020-11-15 13:02:12.819 [main] WARN  org.mybatis.spring.mapper.ClassPathMapperScanner - No MyBatis mapper was found in '[com.zmj.dao]' package. Please check your configuration.
2020-11-15 13:02:13.284 [main] INFO  o.s.d.r.config.RepositoryConfigurationDelegate - Multiple Spring Data modules found, entering strict repository configuration mode!
2020-11-15 13:02:13.293 [main] INFO  o.s.d.r.config.RepositoryConfigurationDelegate - Bootstrapping Spring Data Redis repositories in DEFAULT mode.
2020-11-15 13:02:13.434 [main] INFO  o.s.d.r.config.RepositoryConfigurationDelegate - Finished Spring Data repository scanning in 78ms. Found 0 Redis repository interfaces.
2020-11-15 13:02:14.886 [main] INFO  o.s.boot.web.embedded.tomcat.TomcatWebServer - Tomcat initialized with port(s): 19113 (http)
2020-11-15 13:02:14.912 [main] INFO  org.apache.coyote.http11.Http11NioProtocol - Initializing ProtocolHandler ["http-nio-19113"]
2020-11-15 13:02:14.913 [main] INFO  org.apache.catalina.core.StandardService - Starting service [Tomcat]
2020-11-15 13:02:14.914 [main] INFO  org.apache.catalina.core.StandardEngine - Starting Servlet engine: [Apache Tomcat/9.0.37]
2020-11-15 13:02:15.183 [main] INFO  o.a.c.core.ContainerBase.[Tomcat].[localhost].[/] - Initializing Spring embedded WebApplicationContext
2020-11-15 13:02:15.183 [main] INFO  o.s.b.w.s.c.ServletWebServerApplicationContext - Root WebApplicationContext: initialization completed in 3777 ms
2020-11-15 13:02:17.862 [main] INFO  o.s.scheduling.concurrent.ThreadPoolTaskExecutor - Initializing ExecutorService 'applicationTaskExecutor'
2020-11-15 13:02:18.199 [main] INFO  o.s.b.a.web.servlet.WelcomePageHandlerMapping - Adding welcome page: class path resource [static/index.html]
2020-11-15 13:02:18.772 [main] INFO  org.apache.coyote.http11.Http11NioProtocol - Starting ProtocolHandler ["http-nio-19113"]
2020-11-15 13:02:18.832 [main] INFO  o.s.boot.web.embedded.tomcat.TomcatWebServer - Tomcat started on port(s): 19113 (http) with context path ''
2020-11-15 13:02:18.851 [main] INFO  com.zmj.ZmjApplication - Started ZmjApplication in 29.216 seconds (JVM running for 30.79)
2020-11-15 13:02:33.280 [http-nio-19113-exec-1] INFO  o.a.c.core.ContainerBase.[Tomcat].[localhost].[/] - Initializing Spring DispatcherServlet 'dispatcherServlet'
2020-11-15 13:02:33.282 [http-nio-19113-exec-1] INFO  org.springframework.web.servlet.DispatcherServlet - Initializing Servlet 'dispatcherServlet'
2020-11-15 13:02:33.301 [http-nio-19113-exec-1] INFO  org.springframework.web.servlet.DispatcherServlet - Completed initialization in 17 ms
2020-11-15 13:50:00.065 [SpringContextShutdownHook] INFO  o.s.scheduling.concurrent.ThreadPoolTaskExecutor - Shutting down ExecutorService 'applicationTaskExecutor'
2020-11-15 13:50:24.328 [main] WARN  org.springframework.boot.StartupInfoLogger - InetAddress.getLocalHost().getHostName() took 5005 milliseconds to respond. Please verify your network configuration (macOS machines may need to add entries to /etc/hosts).
2020-11-15 13:50:29.341 [main] INFO  com.zmj.ZmjApplication - Starting ZmjApplication on gaihongweideMacBook-Air.local with PID 13146 (/Users/gaihongwei/tools/eclipse/workspace/zmj-resttemplate/target/classes started by gaihongwei in /Users/gaihongwei/tools/eclipse/workspace/zmj-resttemplate)
2020-11-15 13:50:29.343 [main] INFO  com.zmj.ZmjApplication - No active profile set, falling back to default profiles: default
2020-11-15 13:50:30.939 [main] WARN  org.mybatis.spring.mapper.ClassPathMapperScanner - Skipping MapperFactoryBean with name 'btcDao' and 'com.zmj.dao.btcd.BtcDao' mapperInterface. Bean already defined with the same name!
2020-11-15 13:50:30.939 [main] WARN  org.mybatis.spring.mapper.ClassPathMapperScanner - Skipping MapperFactoryBean with name 'tbCurrencyInfoDao' and 'com.zmj.dao.platform.TbCurrencyInfoDao' mapperInterface. Bean already defined with the same name!
2020-11-15 13:50:30.939 [main] WARN  org.mybatis.spring.mapper.ClassPathMapperScanner - Skipping MapperFactoryBean with name 'mainDao' and 'com.zmj.dao.orther.base.MainDao' mapperInterface. Bean already defined with the same name!
2020-11-15 13:50:30.940 [main] WARN  org.mybatis.spring.mapper.ClassPathMapperScanner - Skipping MapperFactoryBean with name 'documentarySmsDao' and 'com.zmj.dao.orther.future.DocumentarySmsDao' mapperInterface. Bean already defined with the same name!
2020-11-15 13:50:30.940 [main] WARN  org.mybatis.spring.mapper.ClassPathMapperScanner - Skipping MapperFactoryBean with name 'fexDao' and 'com.zmj.dao.orther.regular.FexDao' mapperInterface. Bean already defined with the same name!
2020-11-15 13:50:30.940 [main] WARN  org.mybatis.spring.mapper.ClassPathMapperScanner - Skipping MapperFactoryBean with name 'userDao' and 'com.zmj.dao.platform.UserDao' mapperInterface. Bean already defined with the same name!
2020-11-15 13:50:30.940 [main] WARN  org.mybatis.spring.mapper.ClassPathMapperScanner - No MyBatis mapper was found in '[com.zmj.dao]' package. Please check your configuration.
2020-11-15 13:50:31.306 [main] INFO  o.s.d.r.config.RepositoryConfigurationDelegate - Multiple Spring Data modules found, entering strict repository configuration mode!
2020-11-15 13:50:31.310 [main] INFO  o.s.d.r.config.RepositoryConfigurationDelegate - Bootstrapping Spring Data Redis repositories in DEFAULT mode.
2020-11-15 13:50:31.388 [main] INFO  o.s.d.r.config.RepositoryConfigurationDelegate - Finished Spring Data repository scanning in 50ms. Found 0 Redis repository interfaces.
2020-11-15 13:50:32.851 [main] INFO  o.s.boot.web.embedded.tomcat.TomcatWebServer - Tomcat initialized with port(s): 19113 (http)
2020-11-15 13:50:32.872 [main] INFO  org.apache.coyote.http11.Http11NioProtocol - Initializing ProtocolHandler ["http-nio-19113"]
2020-11-15 13:50:32.873 [main] INFO  org.apache.catalina.core.StandardService - Starting service [Tomcat]
2020-11-15 13:50:32.873 [main] INFO  org.apache.catalina.core.StandardEngine - Starting Servlet engine: [Apache Tomcat/9.0.37]
2020-11-15 13:50:33.161 [main] INFO  o.a.c.core.ContainerBase.[Tomcat].[localhost].[/] - Initializing Spring embedded WebApplicationContext
2020-11-15 13:50:33.162 [main] INFO  o.s.b.w.s.c.ServletWebServerApplicationContext - Root WebApplicationContext: initialization completed in 3681 ms
2020-11-15 13:50:35.210 [main] INFO  o.s.scheduling.concurrent.ThreadPoolTaskExecutor - Initializing ExecutorService 'applicationTaskExecutor'
2020-11-15 13:50:35.432 [main] INFO  o.s.b.a.web.servlet.WelcomePageHandlerMapping - Adding welcome page: class path resource [static/index.html]
2020-11-15 13:50:35.979 [main] INFO  org.apache.coyote.http11.Http11NioProtocol - Starting ProtocolHandler ["http-nio-19113"]
2020-11-15 13:50:36.047 [main] INFO  o.s.boot.web.embedded.tomcat.TomcatWebServer - Tomcat started on port(s): 19113 (http) with context path ''
2020-11-15 13:50:36.070 [main] INFO  com.zmj.ZmjApplication - Started ZmjApplication in 27.724 seconds (JVM running for 29.284)
2020-11-15 13:50:40.888 [http-nio-19113-exec-1] INFO  o.a.c.core.ContainerBase.[Tomcat].[localhost].[/] - Initializing Spring DispatcherServlet 'dispatcherServlet'
2020-11-15 13:50:40.889 [http-nio-19113-exec-1] INFO  org.springframework.web.servlet.DispatcherServlet - Initializing Servlet 'dispatcherServlet'
2020-11-15 13:50:40.903 [http-nio-19113-exec-1] INFO  org.springframework.web.servlet.DispatcherServlet - Completed initialization in 14 ms
2020-11-15 13:51:02.230 [http-nio-19113-exec-10] INFO  com.zaxxer.hikari.HikariDataSource - HikariPool-1 - Starting...
2020-11-15 13:51:02.702 [http-nio-19113-exec-10] INFO  com.zaxxer.hikari.HikariDataSource - HikariPool-1 - Start completed.
2020-11-15 13:51:30.082 [SpringContextShutdownHook] INFO  o.s.scheduling.concurrent.ThreadPoolTaskExecutor - Shutting down ExecutorService 'applicationTaskExecutor'
2020-11-15 13:51:30.087 [SpringContextShutdownHook] INFO  com.zaxxer.hikari.HikariDataSource - HikariPool-1 - Shutdown initiated...
2020-11-15 13:51:30.095 [SpringContextShutdownHook] INFO  com.zaxxer.hikari.HikariDataSource - HikariPool-1 - Shutdown completed.
2020-11-15 13:54:17.240 [main] WARN  org.springframework.boot.StartupInfoLogger - InetAddress.getLocalHost().getHostName() took 5003 milliseconds to respond. Please verify your network configuration (macOS machines may need to add entries to /etc/hosts).
2020-11-15 13:54:22.254 [main] INFO  com.zmj.ZmjApplication - Starting ZmjApplication on gaihongweideMacBook-Air.local with PID 13186 (/Users/gaihongwei/tools/eclipse/workspace/zmj-resttemplate/target/classes started by gaihongwei in /Users/gaihongwei/tools/eclipse/workspace/zmj-resttemplate)
2020-11-15 13:54:22.256 [main] INFO  com.zmj.ZmjApplication - No active profile set, falling back to default profiles: default
2020-11-15 13:54:23.301 [main] WARN  org.mybatis.spring.mapper.ClassPathMapperScanner - Skipping MapperFactoryBean with name 'btcDao' and 'com.zmj.dao.btcd.BtcDao' mapperInterface. Bean already defined with the same name!
2020-11-15 13:54:23.301 [main] WARN  org.mybatis.spring.mapper.ClassPathMapperScanner - Skipping MapperFactoryBean with name 'tbCurrencyInfoDao' and 'com.zmj.dao.platform.TbCurrencyInfoDao' mapperInterface. Bean already defined with the same name!
2020-11-15 13:54:23.301 [main] WARN  org.mybatis.spring.mapper.ClassPathMapperScanner - Skipping MapperFactoryBean with name 'mainDao' and 'com.zmj.dao.orther.base.MainDao' mapperInterface. Bean already defined with the same name!
2020-11-15 13:54:23.301 [main] WARN  org.mybatis.spring.mapper.ClassPathMapperScanner - Skipping MapperFactoryBean with name 'documentarySmsDao' and 'com.zmj.dao.orther.future.DocumentarySmsDao' mapperInterface. Bean already defined with the same name!
2020-11-15 13:54:23.301 [main] WARN  org.mybatis.spring.mapper.ClassPathMapperScanner - Skipping MapperFactoryBean with name 'fexDao' and 'com.zmj.dao.orther.regular.FexDao' mapperInterface. Bean already defined with the same name!
2020-11-15 13:54:23.302 [main] WARN  org.mybatis.spring.mapper.ClassPathMapperScanner - Skipping MapperFactoryBean with name 'userDao' and 'com.zmj.dao.platform.UserDao' mapperInterface. Bean already defined with the same name!
2020-11-15 13:54:23.302 [main] WARN  org.mybatis.spring.mapper.ClassPathMapperScanner - No MyBatis mapper was found in '[com.zmj.dao]' package. Please check your configuration.
2020-11-15 13:54:23.633 [main] INFO  o.s.d.r.config.RepositoryConfigurationDelegate - Multiple Spring Data modules found, entering strict repository configuration mode!
2020-11-15 13:54:23.637 [main] INFO  o.s.d.r.config.RepositoryConfigurationDelegate - Bootstrapping Spring Data Redis repositories in DEFAULT mode.
2020-11-15 13:54:23.713 [main] INFO  o.s.d.r.config.RepositoryConfigurationDelegate - Finished Spring Data repository scanning in 45ms. Found 0 Redis repository interfaces.
2020-11-15 13:54:24.767 [main] INFO  o.s.boot.web.embedded.tomcat.TomcatWebServer - Tomcat initialized with port(s): 19113 (http)
2020-11-15 13:54:24.788 [main] INFO  org.apache.coyote.http11.Http11NioProtocol - Initializing ProtocolHandler ["http-nio-19113"]
2020-11-15 13:54:24.789 [main] INFO  org.apache.catalina.core.StandardService - Starting service [Tomcat]
2020-11-15 13:54:24.789 [main] INFO  org.apache.catalina.core.StandardEngine - Starting Servlet engine: [Apache Tomcat/9.0.37]
2020-11-15 13:54:24.997 [main] INFO  o.a.c.core.ContainerBase.[Tomcat].[localhost].[/] - Initializing Spring embedded WebApplicationContext
2020-11-15 13:54:24.998 [main] INFO  o.s.b.w.s.c.ServletWebServerApplicationContext - Root WebApplicationContext: initialization completed in 2663 ms
2020-11-15 13:54:26.934 [main] INFO  o.s.scheduling.concurrent.ThreadPoolTaskExecutor - Initializing ExecutorService 'applicationTaskExecutor'
2020-11-15 13:54:27.162 [main] INFO  o.s.b.a.web.servlet.WelcomePageHandlerMapping - Adding welcome page: class path resource [static/index.html]
2020-11-15 13:54:27.693 [main] INFO  org.apache.coyote.http11.Http11NioProtocol - Starting ProtocolHandler ["http-nio-19113"]
2020-11-15 13:54:27.755 [main] INFO  o.s.boot.web.embedded.tomcat.TomcatWebServer - Tomcat started on port(s): 19113 (http) with context path ''
2020-11-15 13:54:27.786 [main] INFO  com.zmj.ZmjApplication - Started ZmjApplication in 26.485 seconds (JVM running for 27.457)
2020-11-15 13:54:41.977 [http-nio-19113-exec-1] INFO  o.a.c.core.ContainerBase.[Tomcat].[localhost].[/] - Initializing Spring DispatcherServlet 'dispatcherServlet'
2020-11-15 13:54:41.989 [http-nio-19113-exec-1] INFO  org.springframework.web.servlet.DispatcherServlet - Initializing Servlet 'dispatcherServlet'
2020-11-15 13:54:42.010 [http-nio-19113-exec-1] INFO  org.springframework.web.servlet.DispatcherServlet - Completed initialization in 20 ms
2020-11-15 13:55:06.659 [http-nio-19113-exec-5] INFO  com.zaxxer.hikari.HikariDataSource - HikariPool-1 - Starting...
2020-11-15 13:55:07.109 [http-nio-19113-exec-5] INFO  com.zaxxer.hikari.HikariDataSource - HikariPool-1 - Start completed.
2020-11-15 13:57:00.366 [http-nio-19113-exec-2] INFO  com.zmj.commom.trx.TrxUtils - transaction info by id : {"id": "9917a1e2f014cc28dfe9431e8b6243a9bd646df5f9889a84716ba2d302a0028e","blockNumber": 2385276,"blockTimeStamp": 1604475438000,"contractResult": [""],"receipt": {"net_usage": 268}}
2020-11-15 13:57:00.399 [http-nio-19113-exec-2] INFO  com.zmj.commom.trx.TrxUtils - transaction by id : {"ret":[{"contractRet":"SUCCESS"}],"signature":["5cbccd40bbe935f8e3a8f6043cf81d7d0483d7f1f70134c7ca1f34d16af2c8e708d729d5784ffe93955be803d7f3dfc7d0224bc826ce01608e837be2695aa4b401"],"txID":"9917a1e2f014cc28dfe9431e8b6243a9bd646df5f9889a84716ba2d302a0028e","raw_data":{"contract":[{"parameter":{"value":{"amount":5000000,"owner_address":"41eaa0cda6897646bf6a98953c2d5ee78f9ad6e113","to_address":"41bb8c1a5d2e3f9ae29205b6f445f37f6416e160ef"},"type_url":"type.googleapis.com/protocol.TransferContract"},"type":"TransferContract"}],"ref_block_bytes":"657b","ref_block_hash":"b6c8613c2c82d660","expiration":1604475495000,"timestamp":1604475436945},"raw_data_hex":"0a02657b2208b6c8613c2c82d66040d8c4c491d92e5a68080112640a2d747970652e676f6f676c65617069732e636f6d2f70726f746f636f6c2e5472616e73666572436f6e747261637412330a1541eaa0cda6897646bf6a98953c2d5ee78f9ad6e113121541bb8c1a5d2e3f9ae29205b6f445f37f6416e160ef18c096b1027091ffc091d92e"}
2020-11-15 13:57:00.495 [http-nio-19113-exec-2] INFO  com.zmj.commom.trx.TrxUtils - block num is : {"blockID":"000000000024657cbfb42a8e8902359d6facca4895183b14254e8588a57d2fb4","block_header":{"raw_data":{"number":2385276,"txTrieRoot":"587b1e7683643de22d0d1c4d29abe22ef8d010e7d289dd50bb305898ec23d741","witness_address":"413e0c8028c8aa5e57fa0fb11af96a57e0a2e8b15d","parentHash":"000000000024657bb6c8613c2c82d660e5f84f68eb3b4f443a1574601a99dea8","version":17,"timestamp":1604475438000},"witness_signature":"d153acf6c7078ffd0413231ed67c4753b518046dbab1d11a771ec3b011076a1a55ca22a2a514526ceed3669dd33d2c124d2d5c5080bb2c17f0ef823cfa8545f301"},"transactions":[{"ret":[{"contractRet":"SUCCESS"}],"signature":["5cbccd40bbe935f8e3a8f6043cf81d7d0483d7f1f70134c7ca1f34d16af2c8e708d729d5784ffe93955be803d7f3dfc7d0224bc826ce01608e837be2695aa4b401"],"txID":"9917a1e2f014cc28dfe9431e8b6243a9bd646df5f9889a84716ba2d302a0028e","raw_data":{"contract":[{"parameter":{"value":{"amount":5000000,"owner_address":"41eaa0cda6897646bf6a98953c2d5ee78f9ad6e113","to_address":"41bb8c1a5d2e3f9ae29205b6f445f37f6416e160ef"},"type_url":"type.googleapis.com/protocol.TransferContract"},"type":"TransferContract"}],"ref_block_bytes":"657b","ref_block_hash":"b6c8613c2c82d660","expiration":1604475495000,"timestamp":1604475436945},"raw_data_hex":"0a02657b2208b6c8613c2c82d66040d8c4c491d92e5a68080112640a2d747970652e676f6f676c65617069732e636f6d2f70726f746f636f6c2e5472616e73666572436f6e747261637412330a1541eaa0cda6897646bf6a98953c2d5ee78f9ad6e113121541bb8c1a5d2e3f9ae29205b6f445f37f6416e160ef18c096b1027091ffc091d92e"}]}
2020-11-15 13:59:01.119 [SpringContextShutdownHook] INFO  o.s.scheduling.concurrent.ThreadPoolTaskExecutor - Shutting down ExecutorService 'applicationTaskExecutor'
2020-11-15 13:59:01.123 [SpringContextShutdownHook] INFO  com.zaxxer.hikari.HikariDataSource - HikariPool-1 - Shutdown initiated...
2020-11-15 13:59:01.130 [SpringContextShutdownHook] INFO  com.zaxxer.hikari.HikariDataSource - HikariPool-1 - Shutdown completed.
2020-11-15 14:01:12.936 [main] WARN  org.springframework.boot.StartupInfoLogger - InetAddress.getLocalHost().getHostName() took 5006 milliseconds to respond. Please verify your network configuration (macOS machines may need to add entries to /etc/hosts).
2020-11-15 14:01:17.947 [main] INFO  com.zmj.ZmjApplicationTests - Starting ZmjApplicationTests on gaihongweideMacBook-Air.local with PID 13279 (started by gaihongwei in /Users/gaihongwei/tools/eclipse/workspace/zmj-resttemplate)
2020-11-15 14:01:17.949 [main] INFO  com.zmj.ZmjApplicationTests - No active profile set, falling back to default profiles: default
2020-11-15 14:01:18.940 [main] WARN  org.mybatis.spring.mapper.ClassPathMapperScanner - Skipping MapperFactoryBean with name 'btcDao' and 'com.zmj.dao.btcd.BtcDao' mapperInterface. Bean already defined with the same name!
2020-11-15 14:01:18.941 [main] WARN  org.mybatis.spring.mapper.ClassPathMapperScanner - Skipping MapperFactoryBean with name 'tbCurrencyInfoDao' and 'com.zmj.dao.platform.TbCurrencyInfoDao' mapperInterface. Bean already defined with the same name!
2020-11-15 14:01:18.942 [main] WARN  org.mybatis.spring.mapper.ClassPathMapperScanner - Skipping MapperFactoryBean with name 'mainDao' and 'com.zmj.dao.orther.base.MainDao' mapperInterface. Bean already defined with the same name!
2020-11-15 14:01:18.942 [main] WARN  org.mybatis.spring.mapper.ClassPathMapperScanner - Skipping MapperFactoryBean with name 'documentarySmsDao' and 'com.zmj.dao.orther.future.DocumentarySmsDao' mapperInterface. Bean already defined with the same name!
2020-11-15 14:01:18.943 [main] WARN  org.mybatis.spring.mapper.ClassPathMapperScanner - Skipping MapperFactoryBean with name 'fexDao' and 'com.zmj.dao.orther.regular.FexDao' mapperInterface. Bean already defined with the same name!
2020-11-15 14:01:18.943 [main] WARN  org.mybatis.spring.mapper.ClassPathMapperScanner - Skipping MapperFactoryBean with name 'userDao' and 'com.zmj.dao.platform.UserDao' mapperInterface. Bean already defined with the same name!
2020-11-15 14:01:18.943 [main] WARN  org.mybatis.spring.mapper.ClassPathMapperScanner - No MyBatis mapper was found in '[com.zmj.dao]' package. Please check your configuration.
2020-11-15 14:01:19.289 [main] INFO  o.s.d.r.config.RepositoryConfigurationDelegate - Multiple Spring Data modules found, entering strict repository configuration mode!
2020-11-15 14:01:19.294 [main] INFO  o.s.d.r.config.RepositoryConfigurationDelegate - Bootstrapping Spring Data Redis repositories in DEFAULT mode.
2020-11-15 14:01:19.395 [main] INFO  o.s.d.r.config.RepositoryConfigurationDelegate - Finished Spring Data repository scanning in 55ms. Found 0 Redis repository interfaces.
2020-11-15 14:01:22.823 [main] INFO  o.s.scheduling.concurrent.ThreadPoolTaskExecutor - Initializing ExecutorService 'applicationTaskExecutor'
2020-11-15 14:01:23.042 [main] INFO  o.s.b.a.web.servlet.WelcomePageHandlerMapping - Adding welcome page: class path resource [static/index.html]
2020-11-15 14:01:23.806 [main] INFO  com.zmj.ZmjApplicationTests - Started ZmjApplicationTests in 26.627 seconds (JVM running for 28.439)
2020-11-15 14:01:24.491 [SpringContextShutdownHook] INFO  o.s.scheduling.concurrent.ThreadPoolTaskExecutor - Shutting down ExecutorService 'applicationTaskExecutor'
2020-11-15 14:22:14.395 [main] WARN  org.springframework.boot.StartupInfoLogger - InetAddress.getLocalHost().getHostName() took 5005 milliseconds to respond. Please verify your network configuration (macOS machines may need to add entries to /etc/hosts).
2020-11-15 14:22:19.408 [main] INFO  com.zmj.ZmjApplication - Starting ZmjApplication on gaihongweideMacBook-Air.local with PID 13511 (/Users/gaihongwei/tools/eclipse/workspace/zmj-resttemplate/target/classes started by gaihongwei in /Users/gaihongwei/tools/eclipse/workspace/zmj-resttemplate)
2020-11-15 14:22:19.410 [main] INFO  com.zmj.ZmjApplication - No active profile set, falling back to default profiles: default
2020-11-15 14:22:21.096 [main] WARN  org.mybatis.spring.mapper.ClassPathMapperScanner - Skipping MapperFactoryBean with name 'btcDao' and 'com.zmj.dao.btcd.BtcDao' mapperInterface. Bean already defined with the same name!
2020-11-15 14:22:21.096 [main] WARN  org.mybatis.spring.mapper.ClassPathMapperScanner - Skipping MapperFactoryBean with name 'tbCurrencyInfoDao' and 'com.zmj.dao.platform.TbCurrencyInfoDao' mapperInterface. Bean already defined with the same name!
2020-11-15 14:22:21.097 [main] WARN  org.mybatis.spring.mapper.ClassPathMapperScanner - Skipping MapperFactoryBean with name 'mainDao' and 'com.zmj.dao.orther.base.MainDao' mapperInterface. Bean already defined with the same name!
2020-11-15 14:22:21.097 [main] WARN  org.mybatis.spring.mapper.ClassPathMapperScanner - Skipping MapperFactoryBean with name 'documentarySmsDao' and 'com.zmj.dao.orther.future.DocumentarySmsDao' mapperInterface. Bean already defined with the same name!
2020-11-15 14:22:21.097 [main] WARN  org.mybatis.spring.mapper.ClassPathMapperScanner - Skipping MapperFactoryBean with name 'fexDao' and 'com.zmj.dao.orther.regular.FexDao' mapperInterface. Bean already defined with the same name!
2020-11-15 14:22:21.098 [main] WARN  org.mybatis.spring.mapper.ClassPathMapperScanner - Skipping MapperFactoryBean with name 'userDao' and 'com.zmj.dao.platform.UserDao' mapperInterface. Bean already defined with the same name!
2020-11-15 14:22:21.098 [main] WARN  org.mybatis.spring.mapper.ClassPathMapperScanner - No MyBatis mapper was found in '[com.zmj.dao]' package. Please check your configuration.
2020-11-15 14:22:21.484 [main] INFO  o.s.d.r.config.RepositoryConfigurationDelegate - Multiple Spring Data modules found, entering strict repository configuration mode!
2020-11-15 14:22:21.492 [main] INFO  o.s.d.r.config.RepositoryConfigurationDelegate - Bootstrapping Spring Data Redis repositories in DEFAULT mode.
2020-11-15 14:22:21.612 [main] INFO  o.s.d.r.config.RepositoryConfigurationDelegate - Finished Spring Data repository scanning in 75ms. Found 0 Redis repository interfaces.
2020-11-15 14:22:23.068 [main] INFO  o.s.boot.web.embedded.tomcat.TomcatWebServer - Tomcat initialized with port(s): 19113 (http)
2020-11-15 14:22:23.087 [main] INFO  org.apache.coyote.http11.Http11NioProtocol - Initializing ProtocolHandler ["http-nio-19113"]
2020-11-15 14:22:23.089 [main] INFO  org.apache.catalina.core.StandardService - Starting service [Tomcat]
2020-11-15 14:22:23.090 [main] INFO  org.apache.catalina.core.StandardEngine - Starting Servlet engine: [Apache Tomcat/9.0.37]
2020-11-15 14:22:23.350 [main] INFO  o.a.c.core.ContainerBase.[Tomcat].[localhost].[/] - Initializing Spring embedded WebApplicationContext
2020-11-15 14:22:23.350 [main] INFO  o.s.b.w.s.c.ServletWebServerApplicationContext - Root WebApplicationContext: initialization completed in 3797 ms
2020-11-15 14:22:25.795 [main] INFO  o.s.scheduling.concurrent.ThreadPoolTaskExecutor - Initializing ExecutorService 'applicationTaskExecutor'
2020-11-15 14:22:26.021 [main] INFO  o.s.b.a.web.servlet.WelcomePageHandlerMapping - Adding welcome page: class path resource [static/index.html]
2020-11-15 14:22:26.564 [main] INFO  org.apache.coyote.http11.Http11NioProtocol - Starting ProtocolHandler ["http-nio-19113"]
2020-11-15 14:22:26.627 [main] INFO  o.s.boot.web.embedded.tomcat.TomcatWebServer - Tomcat started on port(s): 19113 (http) with context path ''
2020-11-15 14:22:26.650 [main] INFO  com.zmj.ZmjApplication - Started ZmjApplication in 28.52 seconds (JVM running for 29.665)
2020-11-15 14:22:49.457 [SpringContextShutdownHook] INFO  o.s.scheduling.concurrent.ThreadPoolTaskExecutor - Shutting down ExecutorService 'applicationTaskExecutor'
2020-11-15 14:23:10.565 [main] WARN  org.springframework.boot.StartupInfoLogger - InetAddress.getLocalHost().getHostName() took 5007 milliseconds to respond. Please verify your network configuration (macOS machines may need to add entries to /etc/hosts).
2020-11-15 14:23:15.579 [main] INFO  com.zmj.ZmjApplication - Starting ZmjApplication on gaihongweideMacBook-Air.local with PID 13530 (/Users/gaihongwei/tools/eclipse/workspace/zmj-resttemplate/target/classes started by gaihongwei in /Users/gaihongwei/tools/eclipse/workspace/zmj-resttemplate)
2020-11-15 14:23:15.580 [main] INFO  com.zmj.ZmjApplication - No active profile set, falling back to default profiles: default
2020-11-15 14:23:16.681 [main] WARN  org.mybatis.spring.mapper.ClassPathMapperScanner - Skipping MapperFactoryBean with name 'btcDao' and 'com.zmj.dao.btcd.BtcDao' mapperInterface. Bean already defined with the same name!
2020-11-15 14:23:16.682 [main] WARN  org.mybatis.spring.mapper.ClassPathMapperScanner - Skipping MapperFactoryBean with name 'tbCurrencyInfoDao' and 'com.zmj.dao.platform.TbCurrencyInfoDao' mapperInterface. Bean already defined with the same name!
2020-11-15 14:23:16.682 [main] WARN  org.mybatis.spring.mapper.ClassPathMapperScanner - Skipping MapperFactoryBean with name 'mainDao' and 'com.zmj.dao.orther.base.MainDao' mapperInterface. Bean already defined with the same name!
2020-11-15 14:23:16.682 [main] WARN  org.mybatis.spring.mapper.ClassPathMapperScanner - Skipping MapperFactoryBean with name 'documentarySmsDao' and 'com.zmj.dao.orther.future.DocumentarySmsDao' mapperInterface. Bean already defined with the same name!
2020-11-15 14:23:16.682 [main] WARN  org.mybatis.spring.mapper.ClassPathMapperScanner - Skipping MapperFactoryBean with name 'fexDao' and 'com.zmj.dao.orther.regular.FexDao' mapperInterface. Bean already defined with the same name!
2020-11-15 14:23:16.682 [main] WARN  org.mybatis.spring.mapper.ClassPathMapperScanner - Skipping MapperFactoryBean with name 'userDao' and 'com.zmj.dao.platform.UserDao' mapperInterface. Bean already defined with the same name!
2020-11-15 14:23:16.682 [main] WARN  org.mybatis.spring.mapper.ClassPathMapperScanner - No MyBatis mapper was found in '[com.zmj.dao]' package. Please check your configuration.
2020-11-15 14:23:16.949 [main] INFO  o.s.d.r.config.RepositoryConfigurationDelegate - Multiple Spring Data modules found, entering strict repository configuration mode!
2020-11-15 14:23:16.954 [main] INFO  o.s.d.r.config.RepositoryConfigurationDelegate - Bootstrapping Spring Data Redis repositories in DEFAULT mode.
2020-11-15 14:23:17.031 [main] INFO  o.s.d.r.config.RepositoryConfigurationDelegate - Finished Spring Data repository scanning in 54ms. Found 0 Redis repository interfaces.
2020-11-15 14:23:18.145 [main] INFO  o.s.boot.web.embedded.tomcat.TomcatWebServer - Tomcat initialized with port(s): 19113 (http)
2020-11-15 14:23:18.164 [main] INFO  org.apache.coyote.http11.Http11NioProtocol - Initializing ProtocolHandler ["http-nio-19113"]
2020-11-15 14:23:18.165 [main] INFO  org.apache.catalina.core.StandardService - Starting service [Tomcat]
2020-11-15 14:23:18.166 [main] INFO  org.apache.catalina.core.StandardEngine - Starting Servlet engine: [Apache Tomcat/9.0.37]
2020-11-15 14:23:18.382 [main] INFO  o.a.c.core.ContainerBase.[Tomcat].[localhost].[/] - Initializing Spring embedded WebApplicationContext
2020-11-15 14:23:18.382 [main] INFO  o.s.b.w.s.c.ServletWebServerApplicationContext - Root WebApplicationContext: initialization completed in 2703 ms
2020-11-15 14:23:20.273 [main] INFO  o.s.scheduling.concurrent.ThreadPoolTaskExecutor - Initializing ExecutorService 'applicationTaskExecutor'
2020-11-15 14:23:20.443 [main] INFO  o.s.b.a.web.servlet.WelcomePageHandlerMapping - Adding welcome page: class path resource [static/index.html]
2020-11-15 14:23:20.831 [main] INFO  org.apache.coyote.http11.Http11NioProtocol - Starting ProtocolHandler ["http-nio-19113"]
2020-11-15 14:23:20.892 [main] INFO  o.s.boot.web.embedded.tomcat.TomcatWebServer - Tomcat started on port(s): 19113 (http) with context path ''
2020-11-15 14:23:20.910 [main] INFO  com.zmj.ZmjApplication - Started ZmjApplication in 26.582 seconds (JVM running for 27.749)
2020-11-15 18:26:23.732 [SpringContextShutdownHook] INFO  o.s.scheduling.concurrent.ThreadPoolTaskExecutor - Shutting down ExecutorService 'applicationTaskExecutor'
