2020-12-21 20:23:22.259 [main] WARN  org.springframework.boot.StartupInfoLogger - InetAddress.getLocalHost().getHostName() took 5004 milliseconds to respond. Please verify your network configuration (macOS machines may need to add entries to /etc/hosts).
2020-12-21 20:23:27.272 [main] INFO  com.zmj.ZmjApplication - Starting ZmjApplication on gaihongweideMacBook-Air.local with PID 12970 (/Users/gaihongwei/tools/eclipse/workspace/zmj-resttemplate/target/classes started by gaihongwei in /Users/gaihongwei/tools/eclipse/workspace/zmj-resttemplate)
2020-12-21 20:23:27.274 [main] INFO  com.zmj.ZmjApplication - No active profile set, falling back to default profiles: default
2020-12-21 20:23:28.517 [main] WARN  org.mybatis.spring.mapper.ClassPathMapperScanner - Skipping MapperFactoryBean with name 'btcDao' and 'com.zmj.dao.btcd.BtcDao' mapperInterface. Bean already defined with the same name!
2020-12-21 20:23:28.518 [main] WARN  org.mybatis.spring.mapper.ClassPathMapperScanner - Skipping MapperFactoryBean with name 'mainDao' and 'com.zmj.dao.orther.base.MainDao' mapperInterface. Bean already defined with the same name!
2020-12-21 20:23:28.518 [main] WARN  org.mybatis.spring.mapper.ClassPathMapperScanner - Skipping MapperFactoryBean with name 'documentarySmsDao' and 'com.zmj.dao.orther.future.DocumentarySmsDao' mapperInterface. Bean already defined with the same name!
2020-12-21 20:23:28.518 [main] WARN  org.mybatis.spring.mapper.ClassPathMapperScanner - Skipping MapperFactoryBean with name 'fexDao' and 'com.zmj.dao.orther.regular.FexDao' mapperInterface. Bean already defined with the same name!
2020-12-21 20:23:28.518 [main] WARN  org.mybatis.spring.mapper.ClassPathMapperScanner - Skipping MapperFactoryBean with name 'projectDao' and 'com.zmj.dao.platform.ProjectDao' mapperInterface. Bean already defined with the same name!
2020-12-21 20:23:28.519 [main] WARN  org.mybatis.spring.mapper.ClassPathMapperScanner - Skipping MapperFactoryBean with name 'tbCurrencyInfoDao' and 'com.zmj.dao.platform.TbCurrencyInfoDao' mapperInterface. Bean already defined with the same name!
2020-12-21 20:23:28.519 [main] WARN  org.mybatis.spring.mapper.ClassPathMapperScanner - Skipping MapperFactoryBean with name 'userDao' and 'com.zmj.dao.platform.UserDao' mapperInterface. Bean already defined with the same name!
2020-12-21 20:23:28.519 [main] WARN  org.mybatis.spring.mapper.ClassPathMapperScanner - No MyBatis mapper was found in '[com.zmj.dao]' package. Please check your configuration.
2020-12-21 20:23:28.955 [main] INFO  o.s.d.r.config.RepositoryConfigurationDelegate - Multiple Spring Data modules found, entering strict repository configuration mode!
2020-12-21 20:23:28.964 [main] INFO  o.s.d.r.config.RepositoryConfigurationDelegate - Bootstrapping Spring Data Redis repositories in DEFAULT mode.
2020-12-21 20:23:29.096 [main] INFO  o.s.d.r.config.RepositoryConfigurationDelegate - Finished Spring Data repository scanning in 61ms. Found 0 Redis repository interfaces.
2020-12-21 20:23:30.504 [main] INFO  o.s.boot.web.embedded.tomcat.TomcatWebServer - Tomcat initialized with port(s): 19113 (http)
2020-12-21 20:23:30.538 [main] INFO  org.apache.coyote.http11.Http11NioProtocol - Initializing ProtocolHandler ["http-nio-19113"]
2020-12-21 20:23:30.539 [main] INFO  org.apache.catalina.core.StandardService - Starting service [Tomcat]
2020-12-21 20:23:30.539 [main] INFO  org.apache.catalina.core.StandardEngine - Starting Servlet engine: [Apache Tomcat/9.0.37]
2020-12-21 20:23:30.835 [main] INFO  o.a.c.core.ContainerBase.[Tomcat].[localhost].[/] - Initializing Spring embedded WebApplicationContext
2020-12-21 20:23:30.836 [main] INFO  o.s.b.w.s.c.ServletWebServerApplicationContext - Root WebApplicationContext: initialization completed in 3453 ms
2020-12-21 20:23:33.467 [main] INFO  o.s.scheduling.concurrent.ThreadPoolTaskExecutor - Initializing ExecutorService 'applicationTaskExecutor'
2020-12-21 20:23:33.703 [main] INFO  o.s.b.a.web.servlet.WelcomePageHandlerMapping - Adding welcome page: class path resource [static/index.html]
2020-12-21 20:23:34.225 [main] INFO  org.apache.coyote.http11.Http11NioProtocol - Starting ProtocolHandler ["http-nio-19113"]
2020-12-21 20:23:34.286 [main] INFO  o.s.boot.web.embedded.tomcat.TomcatWebServer - Tomcat started on port(s): 19113 (http) with context path ''
2020-12-21 20:23:34.304 [main] INFO  com.zmj.ZmjApplication - Started ZmjApplication in 28.57 seconds (JVM running for 29.969)
2020-12-21 20:23:57.548 [http-nio-19113-exec-1] INFO  o.a.c.core.ContainerBase.[Tomcat].[localhost].[/] - Initializing Spring DispatcherServlet 'dispatcherServlet'
2020-12-21 20:23:57.549 [http-nio-19113-exec-1] INFO  org.springframework.web.servlet.DispatcherServlet - Initializing Servlet 'dispatcherServlet'
2020-12-21 20:23:57.565 [http-nio-19113-exec-1] INFO  org.springframework.web.servlet.DispatcherServlet - Completed initialization in 15 ms
2020-12-21 20:24:07.404 [http-nio-19113-exec-5] INFO  com.zaxxer.hikari.HikariDataSource - HikariPool-1 - Starting...
2020-12-21 20:24:12.968 [http-nio-19113-exec-5] INFO  com.zaxxer.hikari.HikariDataSource - HikariPool-1 - Start completed.
2020-12-21 20:25:24.157 [http-nio-19113-exec-2] INFO  c.z.c.interfaceTest.ProjectManagerController - [ProjectChain(id=31, platform=58ex, project=钱包, module=eos, ip=192.168.112.214, state=eos系列操作, creator=admin, createDate=Fri Nov 27 16:03:26 CST 2020, modifyDate=Fri Dec 11 12:36:47 CST 2020), ProjectChain(id=47, platform=fex, project=基础组, module=短信验证码, ip=localhost, state=无, creator=test, createDate=Tue Dec 01 14:47:15 CST 2020, modifyDate=Tue Dec 01 14:47:15 CST 2020), ProjectChain(id=35, platform=fex, project=钱包, module=xrp, ip=https://s.altnet.rippletest.net:51234, state=xrp相关操作, creator=admin, createDate=Fri Nov 27 16:07:55 CST 2020, modifyDate=Fri Nov 27 16:07:55 CST 2020), ProjectChain(id=33, platform=58ex, project=基础组, module=登录, ip=localhost, state=登录, creator=admin, createDate=Fri Nov 27 16:04:41 CST 2020, modifyDate=Fri Nov 27 16:06:40 CST 2020), ProjectChain(id=34, platform=58ex, project=基础组, module=充值, ip=localhost, state=充值, creator=admin, createDate=Fri Nov 27 16:05:05 CST 2020, modifyDate=Fri Nov 27 16:06:21 CST 2020), ProjectChain(id=32, platform=58ex, project=钱包, module=eth, ip=192.168.112.214, state=eth系列操作, creator=admin, createDate=Fri Nov 27 16:04:10 CST 2020, modifyDate=Fri Nov 27 16:04:10 CST 2020), ProjectChain(id=30, platform=58ex, project=钱包, module=btc, ip=192.168.112.68, state=btc系列操作, creator=admin, createDate=Fri Nov 27 16:02:44 CST 2020, modifyDate=Fri Nov 27 16:02:44 CST 2020)]
2020-12-21 20:25:58.228 [http-nio-19113-exec-2] INFO  c.z.c.interfaceTest.ProjectManagerController - [ProjectApiChain(id=39, platformId=35, platform=fex, project=钱包, module=xrp, name=交易, path=/xrp, method=POST, param=2, isToken=0, state=无, creator=test, createDate=Wed Dec 02 20:01:32 CST 2020, modifyDate=Mon Dec 14 17:08:21 CST 2020), ProjectApiChain(id=38, platformId=34, platform=58ex, project=基础组, module=充值, name=btc充值, path=/deposit/, method=PUT, param=1, isToken=0, state=无, creator=test, createDate=Tue Dec 01 17:30:20 CST 2020, modifyDate=Mon Dec 14 17:08:20 CST 2020), ProjectApiChain(id=37, platformId=30, platform=58ex, project=钱包, module=btc, name=块高查询, path=/eth/blockcount, method=GET, param=0, isToken=0, state=无, creator=test, createDate=Tue Dec 01 14:56:20 CST 2020, modifyDate=Mon Dec 14 17:08:19 CST 2020)]
2020-12-21 20:26:23.575 [http-nio-19113-exec-4] INFO  c.z.c.interfaceTest.ProjectManagerController - [ProjectCaseChain(id=21, apiId=37, platformId=0, platform=58ex, project=钱包, module=btc, name=块高查询, ip=null, path=null, method=null, paramType=0, isToken=0, param={"header":[],"body":"{\"blockNumber\":1111}"}, assertData={"type":"1","data":"0"}, state=无, creator=admin, createDate=Mon Dec 14 17:00:31 CST 2020, modifyDate=Mon Dec 14 17:00:31 CST 2020), ProjectCaseChain(id=17, apiId=37, platformId=0, platform=58ex, project=钱包, module=btc, name=块高查询, ip=null, path=null, method=null, paramType=0, isToken=0, param={"header":[{"name":"token","value":"afadfadsfadsf","state":""}],"body":"{\"aaa\":1111}"}, assertData=, state=aa, creator=admin, createDate=Fri Dec 11 12:38:38 CST 2020, modifyDate=Fri Dec 11 12:38:38 CST 2020), ProjectCaseChain(id=15, apiId=39, platformId=0, platform=fex, project=钱包, module=xrp, name=交易, ip=null, path=null, method=null, paramType=0, isToken=0, param={"header":[],"body":"aaa"}, assertData=, state=a, creator=admin, createDate=Thu Dec 10 20:44:40 CST 2020, modifyDate=Thu Dec 10 20:44:40 CST 2020)]
2020-12-21 20:27:13.575 [SpringContextShutdownHook] INFO  o.s.scheduling.concurrent.ThreadPoolTaskExecutor - Shutting down ExecutorService 'applicationTaskExecutor'
2020-12-21 20:27:13.577 [SpringContextShutdownHook] INFO  com.zaxxer.hikari.HikariDataSource - HikariPool-1 - Shutdown initiated...
2020-12-21 20:27:13.585 [SpringContextShutdownHook] INFO  com.zaxxer.hikari.HikariDataSource - HikariPool-1 - Shutdown completed.
