2020-08-22 23:22:14.438 [main] WARN  org.springframework.boot.StartupInfoLogger - InetAddress.getLocalHost().getHostName() took 5002 milliseconds to respond. Please verify your network configuration (macOS machines may need to add entries to /etc/hosts).
2020-08-22 23:22:19.451 [main] INFO  com.zmj.ZmjApplication - Starting ZmjApplication on gaihongweideMacBook-Air.local with PID 77224 (/Users/gaihongwei/tools/eclipse/workspace/zmj/target/classes started by gaihongwei in /Users/gaihongwei/tools/eclipse/workspace/zmj)
2020-08-22 23:22:19.452 [main] INFO  com.zmj.ZmjApplication - No active profile set, falling back to default profiles: default
2020-08-22 23:22:21.022 [main] INFO  o.s.d.r.config.RepositoryConfigurationDelegate - Multiple Spring Data modules found, entering strict repository configuration mode!
2020-08-22 23:22:21.030 [main] INFO  o.s.d.r.config.RepositoryConfigurationDelegate - Bootstrapping Spring Data Redis repositories in DEFAULT mode.
2020-08-22 23:22:21.127 [main] INFO  o.s.d.r.config.RepositoryConfigurationDelegate - Finished Spring Data repository scanning in 46ms. Found 0 Redis repository interfaces.
2020-08-22 23:22:22.497 [main] INFO  o.s.boot.web.embedded.tomcat.TomcatWebServer - Tomcat initialized with port(s): 19111 (http)
2020-08-22 23:22:22.524 [main] INFO  org.apache.coyote.http11.Http11NioProtocol - Initializing ProtocolHandler ["http-nio-19111"]
2020-08-22 23:22:22.525 [main] INFO  org.apache.catalina.core.StandardService - Starting service [Tomcat]
2020-08-22 23:22:22.525 [main] INFO  org.apache.catalina.core.StandardEngine - Starting Servlet engine: [Apache Tomcat/9.0.37]
2020-08-22 23:22:22.827 [main] INFO  o.a.c.core.ContainerBase.[Tomcat].[localhost].[/] - Initializing Spring embedded WebApplicationContext
2020-08-22 23:22:22.828 [main] INFO  o.s.b.w.s.c.ServletWebServerApplicationContext - Root WebApplicationContext: initialization completed in 3254 ms
2020-08-22 23:22:23.516 [main] INFO  c.a.d.s.b.a.DruidDataSourceAutoConfigure - Init DruidDataSource
2020-08-22 23:22:23.961 [main] INFO  com.alibaba.druid.pool.DruidDataSource - {dataSource-1} inited
2020-08-22 23:22:24.775 [main] INFO  o.s.scheduling.concurrent.ThreadPoolTaskExecutor - Initializing ExecutorService 'applicationTaskExecutor'
2020-08-22 23:22:25.440 [main] INFO  org.apache.coyote.http11.Http11NioProtocol - Starting ProtocolHandler ["http-nio-19111"]
2020-08-22 23:22:25.501 [main] INFO  o.s.boot.web.embedded.tomcat.TomcatWebServer - Tomcat started on port(s): 19111 (http) with context path ''
2020-08-22 23:22:25.522 [main] INFO  com.zmj.ZmjApplication - Started ZmjApplication in 27.479 seconds (JVM running for 28.816)
2020-08-22 23:25:45.335 [http-nio-19111-exec-1] INFO  o.a.c.core.ContainerBase.[Tomcat].[localhost].[/] - Initializing Spring DispatcherServlet 'dispatcherServlet'
2020-08-22 23:25:45.337 [http-nio-19111-exec-1] INFO  org.springframework.web.servlet.DispatcherServlet - Initializing Servlet 'dispatcherServlet'
2020-08-22 23:25:45.361 [http-nio-19111-exec-1] INFO  org.springframework.web.servlet.DispatcherServlet - Completed initialization in 24 ms
2020-08-22 23:25:58.037 [SpringContextShutdownHook] INFO  o.s.scheduling.concurrent.ThreadPoolTaskExecutor - Shutting down ExecutorService 'applicationTaskExecutor'
2020-08-22 23:25:58.039 [SpringContextShutdownHook] INFO  com.alibaba.druid.pool.DruidDataSource - {dataSource-1} closing ...
2020-08-22 23:25:58.048 [SpringContextShutdownHook] INFO  com.alibaba.druid.pool.DruidDataSource - {dataSource-1} closed
