2020-12-28 19:22:25.963 [main] WARN  org.springframework.boot.StartupInfoLogger - InetAddress.getLocalHost().getHostName() took 5005 milliseconds to respond. Please verify your network configuration (macOS machines may need to add entries to /etc/hosts).
2020-12-28 19:22:30.978 [main] INFO  com.zmj.ZmjApplication - Starting ZmjApplication on gaihongweideMacBook-Air.local with PID 11719 (/Users/gaihongwei/tools/eclipse/workspace/zmj-resttemplate/target/classes started by gaihongwei in /Users/gaihongwei/tools/eclipse/workspace/zmj-resttemplate)
2020-12-28 19:22:30.982 [main] INFO  com.zmj.ZmjApplication - No active profile set, falling back to default profiles: default
2020-12-28 19:22:32.444 [main] WARN  org.mybatis.spring.mapper.ClassPathMapperScanner - Skipping MapperFactoryBean with name 'btcDao' and 'com.zmj.dao.btcd.BtcDao' mapperInterface. Bean already defined with the same name!
2020-12-28 19:22:32.444 [main] WARN  org.mybatis.spring.mapper.ClassPathMapperScanner - Skipping MapperFactoryBean with name 'mainDao' and 'com.zmj.dao.orther.base.MainDao' mapperInterface. Bean already defined with the same name!
2020-12-28 19:22:32.444 [main] WARN  org.mybatis.spring.mapper.ClassPathMapperScanner - Skipping MapperFactoryBean with name 'depositDao' and 'com.zmj.dao.orther.deposit.DepositDao' mapperInterface. Bean already defined with the same name!
2020-12-28 19:22:32.445 [main] WARN  org.mybatis.spring.mapper.ClassPathMapperScanner - Skipping MapperFactoryBean with name 'documentarySmsDao' and 'com.zmj.dao.orther.future.DocumentarySmsDao' mapperInterface. Bean already defined with the same name!
2020-12-28 19:22:32.445 [main] WARN  org.mybatis.spring.mapper.ClassPathMapperScanner - Skipping MapperFactoryBean with name 'fexDao' and 'com.zmj.dao.orther.regular.FexDao' mapperInterface. Bean already defined with the same name!
2020-12-28 19:22:32.445 [main] WARN  org.mybatis.spring.mapper.ClassPathMapperScanner - Skipping MapperFactoryBean with name 'projectDao' and 'com.zmj.dao.platform.ProjectDao' mapperInterface. Bean already defined with the same name!
2020-12-28 19:22:32.445 [main] WARN  org.mybatis.spring.mapper.ClassPathMapperScanner - Skipping MapperFactoryBean with name 'tbCurrencyInfoDao' and 'com.zmj.dao.platform.TbCurrencyInfoDao' mapperInterface. Bean already defined with the same name!
2020-12-28 19:22:32.446 [main] WARN  org.mybatis.spring.mapper.ClassPathMapperScanner - Skipping MapperFactoryBean with name 'userDao' and 'com.zmj.dao.platform.UserDao' mapperInterface. Bean already defined with the same name!
2020-12-28 19:22:32.446 [main] WARN  org.mybatis.spring.mapper.ClassPathMapperScanner - No MyBatis mapper was found in '[com.zmj.dao]' package. Please check your configuration.
2020-12-28 19:22:32.911 [main] INFO  o.s.d.r.config.RepositoryConfigurationDelegate - Multiple Spring Data modules found, entering strict repository configuration mode!
2020-12-28 19:22:32.919 [main] INFO  o.s.d.r.config.RepositoryConfigurationDelegate - Bootstrapping Spring Data Redis repositories in DEFAULT mode.
2020-12-28 19:22:33.030 [main] INFO  o.s.d.r.config.RepositoryConfigurationDelegate - Finished Spring Data repository scanning in 60ms. Found 0 Redis repository interfaces.
2020-12-28 19:22:34.635 [main] INFO  o.s.boot.web.embedded.tomcat.TomcatWebServer - Tomcat initialized with port(s): 19113 (http)
2020-12-28 19:22:34.662 [main] INFO  org.apache.coyote.http11.Http11NioProtocol - Initializing ProtocolHandler ["http-nio-19113"]
2020-12-28 19:22:34.663 [main] INFO  org.apache.catalina.core.StandardService - Starting service [Tomcat]
2020-12-28 19:22:34.664 [main] INFO  org.apache.catalina.core.StandardEngine - Starting Servlet engine: [Apache Tomcat/9.0.37]
2020-12-28 19:22:34.979 [main] INFO  o.a.c.core.ContainerBase.[Tomcat].[localhost].[/] - Initializing Spring embedded WebApplicationContext
2020-12-28 19:22:34.979 [main] INFO  o.s.b.w.s.c.ServletWebServerApplicationContext - Root WebApplicationContext: initialization completed in 3858 ms
2020-12-28 19:22:38.211 [main] INFO  o.s.scheduling.concurrent.ThreadPoolTaskExecutor - Initializing ExecutorService 'applicationTaskExecutor'
2020-12-28 19:22:38.617 [main] INFO  o.s.b.a.web.servlet.WelcomePageHandlerMapping - Adding welcome page: class path resource [static/index.html]
2020-12-28 19:22:39.182 [main] INFO  o.s.scheduling.concurrent.ThreadPoolTaskScheduler - Initializing ExecutorService 'taskScheduler'
2020-12-28 19:22:39.228 [main] INFO  org.apache.coyote.http11.Http11NioProtocol - Starting ProtocolHandler ["http-nio-19113"]
2020-12-28 19:22:39.289 [main] INFO  o.s.boot.web.embedded.tomcat.TomcatWebServer - Tomcat started on port(s): 19113 (http) with context path ''
2020-12-28 19:22:39.314 [main] INFO  com.zmj.ZmjApplication - Started ZmjApplication in 29.893 seconds (JVM running for 31.187)
2020-12-28 19:22:40.048 [scheduling-1] INFO  com.zaxxer.hikari.HikariDataSource - HikariPool-1 - Starting...
2020-12-28 19:22:40.703 [scheduling-1] INFO  com.zaxxer.hikari.HikariDataSource - HikariPool-1 - Start completed.
2020-12-28 19:23:02.391 [SpringContextShutdownHook] INFO  o.s.scheduling.concurrent.ThreadPoolTaskScheduler - Shutting down ExecutorService 'taskScheduler'
2020-12-28 19:23:02.395 [SpringContextShutdownHook] INFO  o.s.scheduling.concurrent.ThreadPoolTaskExecutor - Shutting down ExecutorService 'applicationTaskExecutor'
2020-12-28 19:23:02.397 [SpringContextShutdownHook] INFO  com.zaxxer.hikari.HikariDataSource - HikariPool-1 - Shutdown initiated...
2020-12-28 19:23:02.407 [SpringContextShutdownHook] INFO  com.zaxxer.hikari.HikariDataSource - HikariPool-1 - Shutdown completed.
2020-12-28 19:24:38.552 [main] WARN  org.springframework.boot.StartupInfoLogger - InetAddress.getLocalHost().getHostName() took 5008 milliseconds to respond. Please verify your network configuration (macOS machines may need to add entries to /etc/hosts).
2020-12-28 19:24:43.569 [main] INFO  com.zmj.ZmjApplication - Starting ZmjApplication on gaihongweideMacBook-Air.local with PID 11771 (/Users/gaihongwei/tools/eclipse/workspace/zmj-resttemplate/target/classes started by gaihongwei in /Users/gaihongwei/tools/eclipse/workspace/zmj-resttemplate)
2020-12-28 19:24:43.571 [main] INFO  com.zmj.ZmjApplication - No active profile set, falling back to default profiles: default
2020-12-28 19:24:44.684 [main] WARN  org.mybatis.spring.mapper.ClassPathMapperScanner - Skipping MapperFactoryBean with name 'btcDao' and 'com.zmj.dao.btcd.BtcDao' mapperInterface. Bean already defined with the same name!
2020-12-28 19:24:44.684 [main] WARN  org.mybatis.spring.mapper.ClassPathMapperScanner - Skipping MapperFactoryBean with name 'mainDao' and 'com.zmj.dao.orther.base.MainDao' mapperInterface. Bean already defined with the same name!
2020-12-28 19:24:44.685 [main] WARN  org.mybatis.spring.mapper.ClassPathMapperScanner - Skipping MapperFactoryBean with name 'depositDao' and 'com.zmj.dao.orther.deposit.DepositDao' mapperInterface. Bean already defined with the same name!
2020-12-28 19:24:44.685 [main] WARN  org.mybatis.spring.mapper.ClassPathMapperScanner - Skipping MapperFactoryBean with name 'documentarySmsDao' and 'com.zmj.dao.orther.future.DocumentarySmsDao' mapperInterface. Bean already defined with the same name!
2020-12-28 19:24:44.685 [main] WARN  org.mybatis.spring.mapper.ClassPathMapperScanner - Skipping MapperFactoryBean with name 'fexDao' and 'com.zmj.dao.orther.regular.FexDao' mapperInterface. Bean already defined with the same name!
2020-12-28 19:24:44.685 [main] WARN  org.mybatis.spring.mapper.ClassPathMapperScanner - Skipping MapperFactoryBean with name 'projectDao' and 'com.zmj.dao.platform.ProjectDao' mapperInterface. Bean already defined with the same name!
2020-12-28 19:24:44.685 [main] WARN  org.mybatis.spring.mapper.ClassPathMapperScanner - Skipping MapperFactoryBean with name 'tbCurrencyInfoDao' and 'com.zmj.dao.platform.TbCurrencyInfoDao' mapperInterface. Bean already defined with the same name!
2020-12-28 19:24:44.686 [main] WARN  org.mybatis.spring.mapper.ClassPathMapperScanner - Skipping MapperFactoryBean with name 'userDao' and 'com.zmj.dao.platform.UserDao' mapperInterface. Bean already defined with the same name!
2020-12-28 19:24:44.686 [main] WARN  org.mybatis.spring.mapper.ClassPathMapperScanner - No MyBatis mapper was found in '[com.zmj.dao]' package. Please check your configuration.
2020-12-28 19:24:44.980 [main] INFO  o.s.d.r.config.RepositoryConfigurationDelegate - Multiple Spring Data modules found, entering strict repository configuration mode!
2020-12-28 19:24:44.985 [main] INFO  o.s.d.r.config.RepositoryConfigurationDelegate - Bootstrapping Spring Data Redis repositories in DEFAULT mode.
2020-12-28 19:24:45.084 [main] INFO  o.s.d.r.config.RepositoryConfigurationDelegate - Finished Spring Data repository scanning in 66ms. Found 0 Redis repository interfaces.
2020-12-28 19:24:46.255 [main] INFO  o.s.boot.web.embedded.tomcat.TomcatWebServer - Tomcat initialized with port(s): 19113 (http)
2020-12-28 19:24:46.278 [main] INFO  org.apache.coyote.http11.Http11NioProtocol - Initializing ProtocolHandler ["http-nio-19113"]
2020-12-28 19:24:46.279 [main] INFO  org.apache.catalina.core.StandardService - Starting service [Tomcat]
2020-12-28 19:24:46.280 [main] INFO  org.apache.catalina.core.StandardEngine - Starting Servlet engine: [Apache Tomcat/9.0.37]
2020-12-28 19:24:46.489 [main] INFO  o.a.c.core.ContainerBase.[Tomcat].[localhost].[/] - Initializing Spring embedded WebApplicationContext
2020-12-28 19:24:46.490 [main] INFO  o.s.b.w.s.c.ServletWebServerApplicationContext - Root WebApplicationContext: initialization completed in 2828 ms
2020-12-28 19:24:48.946 [main] INFO  o.s.scheduling.concurrent.ThreadPoolTaskExecutor - Initializing ExecutorService 'applicationTaskExecutor'
2020-12-28 19:24:49.165 [main] INFO  o.s.b.a.web.servlet.WelcomePageHandlerMapping - Adding welcome page: class path resource [static/index.html]
2020-12-28 19:24:49.699 [main] INFO  o.s.scheduling.concurrent.ThreadPoolTaskScheduler - Initializing ExecutorService 'taskScheduler'
2020-12-28 19:24:49.750 [main] INFO  org.apache.coyote.http11.Http11NioProtocol - Starting ProtocolHandler ["http-nio-19113"]
2020-12-28 19:24:49.808 [main] INFO  o.s.boot.web.embedded.tomcat.TomcatWebServer - Tomcat started on port(s): 19113 (http) with context path ''
2020-12-28 19:24:49.833 [main] INFO  com.zmj.ZmjApplication - Started ZmjApplication in 27.195 seconds (JVM running for 28.391)
2020-12-28 19:24:50.031 [scheduling-1] INFO  com.zaxxer.hikari.HikariDataSource - HikariPool-1 - Starting...
2020-12-28 19:24:50.571 [scheduling-1] INFO  com.zaxxer.hikari.HikariDataSource - HikariPool-1 - Start completed.
2020-12-28 19:25:00.103 [scheduling-1] INFO  com.zmj.commom.rabbitmq.MsgProducer - send2TopicTestBQueue:DepositChain(id=281997, user_id=100000192, address=TPsay8WkqcZviqR6W8Zkhe3Y5pqts8RMhV, currency_id=212, block=321791, status=2, txid=c06f190c07b450037633cba2fa8adc716cc95dcaa46392a8a28a6cec4f66319c, vout=0, amount=6.00000000000000000000, site_id=1, create_date=Mon Dec 28 15:32:07 CST 2020, modify_date=Mon Dec 28 15:38:43 CST 2020)
2020-12-28 19:25:00.109 [scheduling-1] INFO  o.s.a.rabbit.connection.CachingConnectionFactory - Attempting to connect to: [192.168.112.170:5672]
2020-12-28 19:25:00.339 [scheduling-1] INFO  o.s.a.rabbit.connection.CachingConnectionFactory - Created new connection: rabbitConnectionFactory#46d567cb:0/SimpleConnection@1926354d [delegate=amqp://admin@192.168.112.170:5672/, localPort= 52402]
2020-12-28 19:25:05.408 [scheduling-1] INFO  com.zmj.commom.rabbitmq.MsgProducer - send2TopicTestBQueue:DepositChain(id=281997, user_id=100000192, address=TPsay8WkqcZviqR6W8Zkhe3Y5pqts8RMhV, currency_id=212, block=321791, status=2, txid=c06f190c07b450037633cba2fa8adc716cc95dcaa46392a8a28a6cec4f66319c, vout=0, amount=6.00000000000000000000, site_id=1, create_date=Mon Dec 28 15:32:07 CST 2020, modify_date=Mon Dec 28 15:38:43 CST 2020)
2020-12-28 19:25:10.422 [scheduling-1] INFO  com.zmj.commom.rabbitmq.MsgProducer - send2TopicTestBQueue:DepositChain(id=281997, user_id=100000192, address=TPsay8WkqcZviqR6W8Zkhe3Y5pqts8RMhV, currency_id=212, block=321791, status=2, txid=c06f190c07b450037633cba2fa8adc716cc95dcaa46392a8a28a6cec4f66319c, vout=0, amount=6.00000000000000000000, site_id=1, create_date=Mon Dec 28 15:32:07 CST 2020, modify_date=Mon Dec 28 15:38:43 CST 2020)
2020-12-28 19:25:15.098 [scheduling-1] INFO  com.zmj.commom.rabbitmq.MsgProducer - send2TopicTestBQueue:DepositChain(id=281997, user_id=100000192, address=TPsay8WkqcZviqR6W8Zkhe3Y5pqts8RMhV, currency_id=212, block=321791, status=2, txid=c06f190c07b450037633cba2fa8adc716cc95dcaa46392a8a28a6cec4f66319c, vout=0, amount=6.00000000000000000000, site_id=1, create_date=Mon Dec 28 15:32:07 CST 2020, modify_date=Mon Dec 28 15:38:43 CST 2020)
2020-12-28 19:25:20.861 [scheduling-1] INFO  com.zmj.commom.rabbitmq.MsgProducer - send2TopicTestBQueue:DepositChain(id=281997, user_id=100000192, address=TPsay8WkqcZviqR6W8Zkhe3Y5pqts8RMhV, currency_id=212, block=321791, status=2, txid=c06f190c07b450037633cba2fa8adc716cc95dcaa46392a8a28a6cec4f66319c, vout=0, amount=6.00000000000000000000, site_id=1, create_date=Mon Dec 28 15:32:07 CST 2020, modify_date=Mon Dec 28 15:38:43 CST 2020)
2020-12-28 19:25:25.675 [scheduling-1] INFO  com.zmj.commom.rabbitmq.MsgProducer - send2TopicTestBQueue:DepositChain(id=281997, user_id=100000192, address=TPsay8WkqcZviqR6W8Zkhe3Y5pqts8RMhV, currency_id=212, block=321791, status=2, txid=c06f190c07b450037633cba2fa8adc716cc95dcaa46392a8a28a6cec4f66319c, vout=0, amount=6.00000000000000000000, site_id=1, create_date=Mon Dec 28 15:32:07 CST 2020, modify_date=Mon Dec 28 15:38:43 CST 2020)
2020-12-28 19:25:30.248 [scheduling-1] INFO  com.zmj.commom.rabbitmq.MsgProducer - send2TopicTestBQueue:DepositChain(id=281997, user_id=100000192, address=TPsay8WkqcZviqR6W8Zkhe3Y5pqts8RMhV, currency_id=212, block=321791, status=2, txid=c06f190c07b450037633cba2fa8adc716cc95dcaa46392a8a28a6cec4f66319c, vout=0, amount=6.00000000000000000000, site_id=1, create_date=Mon Dec 28 15:32:07 CST 2020, modify_date=Mon Dec 28 15:38:43 CST 2020)
2020-12-28 19:25:35.088 [scheduling-1] INFO  com.zmj.commom.rabbitmq.MsgProducer - send2TopicTestBQueue:DepositChain(id=281997, user_id=100000192, address=TPsay8WkqcZviqR6W8Zkhe3Y5pqts8RMhV, currency_id=212, block=321791, status=2, txid=c06f190c07b450037633cba2fa8adc716cc95dcaa46392a8a28a6cec4f66319c, vout=0, amount=6.00000000000000000000, site_id=1, create_date=Mon Dec 28 15:32:07 CST 2020, modify_date=Mon Dec 28 15:38:43 CST 2020)
2020-12-28 19:25:40.116 [scheduling-1] INFO  com.zmj.commom.rabbitmq.MsgProducer - send2TopicTestBQueue:DepositChain(id=281997, user_id=100000192, address=TPsay8WkqcZviqR6W8Zkhe3Y5pqts8RMhV, currency_id=212, block=321791, status=2, txid=c06f190c07b450037633cba2fa8adc716cc95dcaa46392a8a28a6cec4f66319c, vout=0, amount=6.00000000000000000000, site_id=1, create_date=Mon Dec 28 15:32:07 CST 2020, modify_date=Mon Dec 28 15:38:43 CST 2020)
2020-12-28 19:25:45.101 [scheduling-1] INFO  com.zmj.commom.rabbitmq.MsgProducer - send2TopicTestBQueue:DepositChain(id=281997, user_id=100000192, address=TPsay8WkqcZviqR6W8Zkhe3Y5pqts8RMhV, currency_id=212, block=321791, status=2, txid=c06f190c07b450037633cba2fa8adc716cc95dcaa46392a8a28a6cec4f66319c, vout=0, amount=6.00000000000000000000, site_id=1, create_date=Mon Dec 28 15:32:07 CST 2020, modify_date=Mon Dec 28 15:38:43 CST 2020)
2020-12-28 19:25:50.229 [scheduling-1] INFO  com.zmj.commom.rabbitmq.MsgProducer - send2TopicTestBQueue:DepositChain(id=281997, user_id=100000192, address=TPsay8WkqcZviqR6W8Zkhe3Y5pqts8RMhV, currency_id=212, block=321791, status=2, txid=c06f190c07b450037633cba2fa8adc716cc95dcaa46392a8a28a6cec4f66319c, vout=0, amount=6.00000000000000000000, site_id=1, create_date=Mon Dec 28 15:32:07 CST 2020, modify_date=Mon Dec 28 15:38:43 CST 2020)
2020-12-28 19:25:55.244 [scheduling-1] INFO  com.zmj.commom.rabbitmq.MsgProducer - send2TopicTestBQueue:DepositChain(id=281997, user_id=100000192, address=TPsay8WkqcZviqR6W8Zkhe3Y5pqts8RMhV, currency_id=212, block=321791, status=2, txid=c06f190c07b450037633cba2fa8adc716cc95dcaa46392a8a28a6cec4f66319c, vout=0, amount=6.00000000000000000000, site_id=1, create_date=Mon Dec 28 15:32:07 CST 2020, modify_date=Mon Dec 28 15:38:43 CST 2020)
2020-12-28 19:26:00.252 [scheduling-1] INFO  com.zmj.commom.rabbitmq.MsgProducer - send2TopicTestBQueue:DepositChain(id=281997, user_id=100000192, address=TPsay8WkqcZviqR6W8Zkhe3Y5pqts8RMhV, currency_id=212, block=321791, status=2, txid=c06f190c07b450037633cba2fa8adc716cc95dcaa46392a8a28a6cec4f66319c, vout=0, amount=6.00000000000000000000, site_id=1, create_date=Mon Dec 28 15:32:07 CST 2020, modify_date=Mon Dec 28 15:38:43 CST 2020)
2020-12-28 19:26:05.218 [scheduling-1] INFO  com.zmj.commom.rabbitmq.MsgProducer - send2TopicTestBQueue:DepositChain(id=281997, user_id=100000192, address=TPsay8WkqcZviqR6W8Zkhe3Y5pqts8RMhV, currency_id=212, block=321791, status=2, txid=c06f190c07b450037633cba2fa8adc716cc95dcaa46392a8a28a6cec4f66319c, vout=0, amount=6.00000000000000000000, site_id=1, create_date=Mon Dec 28 15:32:07 CST 2020, modify_date=Mon Dec 28 15:38:43 CST 2020)
2020-12-28 19:26:10.244 [scheduling-1] INFO  com.zmj.commom.rabbitmq.MsgProducer - send2TopicTestBQueue:DepositChain(id=281997, user_id=100000192, address=TPsay8WkqcZviqR6W8Zkhe3Y5pqts8RMhV, currency_id=212, block=321791, status=2, txid=c06f190c07b450037633cba2fa8adc716cc95dcaa46392a8a28a6cec4f66319c, vout=0, amount=6.00000000000000000000, site_id=1, create_date=Mon Dec 28 15:32:07 CST 2020, modify_date=Mon Dec 28 15:38:43 CST 2020)
2020-12-28 19:26:15.105 [scheduling-1] INFO  com.zmj.commom.rabbitmq.MsgProducer - send2TopicTestBQueue:DepositChain(id=281997, user_id=100000192, address=TPsay8WkqcZviqR6W8Zkhe3Y5pqts8RMhV, currency_id=212, block=321791, status=2, txid=c06f190c07b450037633cba2fa8adc716cc95dcaa46392a8a28a6cec4f66319c, vout=0, amount=6.00000000000000000000, site_id=1, create_date=Mon Dec 28 15:32:07 CST 2020, modify_date=Mon Dec 28 15:38:43 CST 2020)
2020-12-28 19:26:20.113 [scheduling-1] INFO  com.zmj.commom.rabbitmq.MsgProducer - send2TopicTestBQueue:DepositChain(id=281997, user_id=100000192, address=TPsay8WkqcZviqR6W8Zkhe3Y5pqts8RMhV, currency_id=212, block=321791, status=2, txid=c06f190c07b450037633cba2fa8adc716cc95dcaa46392a8a28a6cec4f66319c, vout=0, amount=6.00000000000000000000, site_id=1, create_date=Mon Dec 28 15:32:07 CST 2020, modify_date=Mon Dec 28 15:38:43 CST 2020)
2020-12-28 19:26:25.100 [scheduling-1] INFO  com.zmj.commom.rabbitmq.MsgProducer - send2TopicTestBQueue:DepositChain(id=281997, user_id=100000192, address=TPsay8WkqcZviqR6W8Zkhe3Y5pqts8RMhV, currency_id=212, block=321791, status=2, txid=c06f190c07b450037633cba2fa8adc716cc95dcaa46392a8a28a6cec4f66319c, vout=0, amount=6.00000000000000000000, site_id=1, create_date=Mon Dec 28 15:32:07 CST 2020, modify_date=Mon Dec 28 15:38:43 CST 2020)
2020-12-28 19:26:30.110 [scheduling-1] INFO  com.zmj.commom.rabbitmq.MsgProducer - send2TopicTestBQueue:DepositChain(id=281997, user_id=100000192, address=TPsay8WkqcZviqR6W8Zkhe3Y5pqts8RMhV, currency_id=212, block=321791, status=2, txid=c06f190c07b450037633cba2fa8adc716cc95dcaa46392a8a28a6cec4f66319c, vout=0, amount=6.00000000000000000000, site_id=1, create_date=Mon Dec 28 15:32:07 CST 2020, modify_date=Mon Dec 28 15:38:43 CST 2020)
2020-12-28 19:26:35.110 [scheduling-1] INFO  com.zmj.commom.rabbitmq.MsgProducer - send2TopicTestBQueue:DepositChain(id=281997, user_id=100000192, address=TPsay8WkqcZviqR6W8Zkhe3Y5pqts8RMhV, currency_id=212, block=321791, status=2, txid=c06f190c07b450037633cba2fa8adc716cc95dcaa46392a8a28a6cec4f66319c, vout=0, amount=6.00000000000000000000, site_id=1, create_date=Mon Dec 28 15:32:07 CST 2020, modify_date=Mon Dec 28 15:38:43 CST 2020)
2020-12-28 19:26:38.166 [SpringContextShutdownHook] INFO  o.s.scheduling.concurrent.ThreadPoolTaskScheduler - Shutting down ExecutorService 'taskScheduler'
2020-12-28 19:26:38.169 [SpringContextShutdownHook] INFO  o.s.scheduling.concurrent.ThreadPoolTaskExecutor - Shutting down ExecutorService 'applicationTaskExecutor'
2020-12-28 19:26:38.172 [SpringContextShutdownHook] INFO  com.zaxxer.hikari.HikariDataSource - HikariPool-1 - Shutdown initiated...
2020-12-28 19:26:38.180 [SpringContextShutdownHook] INFO  com.zaxxer.hikari.HikariDataSource - HikariPool-1 - Shutdown completed.
2020-12-28 20:17:14.682 [main] WARN  org.springframework.boot.StartupInfoLogger - InetAddress.getLocalHost().getHostName() took 5005 milliseconds to respond. Please verify your network configuration (macOS machines may need to add entries to /etc/hosts).
2020-12-28 20:17:19.697 [main] INFO  com.zmj.ZmjApplication - Starting ZmjApplication on gaihongweideMacBook-Air.local with PID 12798 (/Users/gaihongwei/tools/eclipse/workspace/zmj-resttemplate/target/classes started by gaihongwei in /Users/gaihongwei/tools/eclipse/workspace/zmj-resttemplate)
2020-12-28 20:17:19.699 [main] INFO  com.zmj.ZmjApplication - No active profile set, falling back to default profiles: default
2020-12-28 20:17:21.196 [main] WARN  org.mybatis.spring.mapper.ClassPathMapperScanner - Skipping MapperFactoryBean with name 'btcDao' and 'com.zmj.dao.btcd.BtcDao' mapperInterface. Bean already defined with the same name!
2020-12-28 20:17:21.196 [main] WARN  org.mybatis.spring.mapper.ClassPathMapperScanner - Skipping MapperFactoryBean with name 'mainDao' and 'com.zmj.dao.orther.base.MainDao' mapperInterface. Bean already defined with the same name!
2020-12-28 20:17:21.196 [main] WARN  org.mybatis.spring.mapper.ClassPathMapperScanner - Skipping MapperFactoryBean with name 'depositDao' and 'com.zmj.dao.orther.deposit.DepositDao' mapperInterface. Bean already defined with the same name!
2020-12-28 20:17:21.196 [main] WARN  org.mybatis.spring.mapper.ClassPathMapperScanner - Skipping MapperFactoryBean with name 'documentarySmsDao' and 'com.zmj.dao.orther.future.DocumentarySmsDao' mapperInterface. Bean already defined with the same name!
2020-12-28 20:17:21.196 [main] WARN  org.mybatis.spring.mapper.ClassPathMapperScanner - Skipping MapperFactoryBean with name 'fexDao' and 'com.zmj.dao.orther.regular.FexDao' mapperInterface. Bean already defined with the same name!
2020-12-28 20:17:21.197 [main] WARN  org.mybatis.spring.mapper.ClassPathMapperScanner - Skipping MapperFactoryBean with name 'projectDao' and 'com.zmj.dao.platform.ProjectDao' mapperInterface. Bean already defined with the same name!
2020-12-28 20:17:21.197 [main] WARN  org.mybatis.spring.mapper.ClassPathMapperScanner - Skipping MapperFactoryBean with name 'tbCurrencyInfoDao' and 'com.zmj.dao.platform.TbCurrencyInfoDao' mapperInterface. Bean already defined with the same name!
2020-12-28 20:17:21.197 [main] WARN  org.mybatis.spring.mapper.ClassPathMapperScanner - Skipping MapperFactoryBean with name 'userDao' and 'com.zmj.dao.platform.UserDao' mapperInterface. Bean already defined with the same name!
2020-12-28 20:17:21.197 [main] WARN  org.mybatis.spring.mapper.ClassPathMapperScanner - No MyBatis mapper was found in '[com.zmj.dao]' package. Please check your configuration.
2020-12-28 20:17:21.633 [main] INFO  o.s.d.r.config.RepositoryConfigurationDelegate - Multiple Spring Data modules found, entering strict repository configuration mode!
2020-12-28 20:17:21.643 [main] INFO  o.s.d.r.config.RepositoryConfigurationDelegate - Bootstrapping Spring Data Redis repositories in DEFAULT mode.
2020-12-28 20:17:21.779 [main] INFO  o.s.d.r.config.RepositoryConfigurationDelegate - Finished Spring Data repository scanning in 82ms. Found 0 Redis repository interfaces.
2020-12-28 20:17:23.161 [main] INFO  o.s.boot.web.embedded.tomcat.TomcatWebServer - Tomcat initialized with port(s): 19113 (http)
2020-12-28 20:17:23.187 [main] INFO  org.apache.coyote.http11.Http11NioProtocol - Initializing ProtocolHandler ["http-nio-19113"]
2020-12-28 20:17:23.187 [main] INFO  org.apache.catalina.core.StandardService - Starting service [Tomcat]
2020-12-28 20:17:23.188 [main] INFO  org.apache.catalina.core.StandardEngine - Starting Servlet engine: [Apache Tomcat/9.0.37]
2020-12-28 20:17:23.421 [main] INFO  o.a.c.core.ContainerBase.[Tomcat].[localhost].[/] - Initializing Spring embedded WebApplicationContext
2020-12-28 20:17:23.421 [main] INFO  o.s.b.w.s.c.ServletWebServerApplicationContext - Root WebApplicationContext: initialization completed in 3596 ms
2020-12-28 20:17:26.355 [main] INFO  o.s.scheduling.concurrent.ThreadPoolTaskExecutor - Initializing ExecutorService 'applicationTaskExecutor'
2020-12-28 20:17:26.582 [main] INFO  o.s.b.a.web.servlet.WelcomePageHandlerMapping - Adding welcome page: class path resource [static/index.html]
2020-12-28 20:17:27.123 [main] INFO  o.s.scheduling.concurrent.ThreadPoolTaskScheduler - Initializing ExecutorService 'taskScheduler'
2020-12-28 20:17:27.180 [main] INFO  org.apache.coyote.http11.Http11NioProtocol - Starting ProtocolHandler ["http-nio-19113"]
2020-12-28 20:17:27.238 [main] INFO  o.s.boot.web.embedded.tomcat.TomcatWebServer - Tomcat started on port(s): 19113 (http) with context path ''
2020-12-28 20:17:27.263 [main] INFO  com.zmj.ZmjApplication - Started ZmjApplication in 28.9 seconds (JVM running for 30.012)
2020-12-28 20:17:30.054 [scheduling-1] INFO  com.zaxxer.hikari.HikariDataSource - HikariPool-1 - Starting...
2020-12-28 20:17:30.619 [scheduling-1] INFO  com.zaxxer.hikari.HikariDataSource - HikariPool-1 - Start completed.
2020-12-28 20:17:31.151 [scheduling-1] INFO  com.zmj.commom.rabbitmq.MsgProducer - send2TopicTestBQueue:DepositChain(id=281997, user_id=100000192, address=TPsay8WkqcZviqR6W8Zkhe3Y5pqts8RMhV, currency_id=212, block=321791, status=2, txid=c06f190c07b450037633cba2fa8adc716cc95dcaa46392a8a28a6cec4f66319c, vout=0, amount=6.00000000000000000000, site_id=1, create_date=Mon Dec 28 15:32:07 CST 2020, modify_date=Mon Dec 28 15:38:43 CST 2020)
2020-12-28 20:17:31.156 [scheduling-1] INFO  o.s.a.rabbit.connection.CachingConnectionFactory - Attempting to connect to: [192.168.112.170:5672]
2020-12-28 20:17:31.423 [scheduling-1] INFO  o.s.a.rabbit.connection.CachingConnectionFactory - Created new connection: rabbitConnectionFactory#5533dc72:0/SimpleConnection@61dbd388 [delegate=amqp://admin@192.168.112.170:5672/, localPort= 53714]
2020-12-28 20:17:35.097 [scheduling-1] INFO  com.zmj.commom.rabbitmq.MsgProducer - send2TopicTestBQueue:DepositChain(id=281997, user_id=100000192, address=TPsay8WkqcZviqR6W8Zkhe3Y5pqts8RMhV, currency_id=212, block=321791, status=2, txid=c06f190c07b450037633cba2fa8adc716cc95dcaa46392a8a28a6cec4f66319c, vout=0, amount=6.00000000000000000000, site_id=1, create_date=Mon Dec 28 15:32:07 CST 2020, modify_date=Mon Dec 28 15:38:43 CST 2020)
2020-12-28 20:17:40.093 [scheduling-1] INFO  com.zmj.commom.rabbitmq.MsgProducer - send2TopicTestBQueue:DepositChain(id=281997, user_id=100000192, address=TPsay8WkqcZviqR6W8Zkhe3Y5pqts8RMhV, currency_id=212, block=321791, status=2, txid=c06f190c07b450037633cba2fa8adc716cc95dcaa46392a8a28a6cec4f66319c, vout=0, amount=6.00000000000000000000, site_id=1, create_date=Mon Dec 28 15:32:07 CST 2020, modify_date=Mon Dec 28 15:38:43 CST 2020)
2020-12-28 20:17:45.096 [scheduling-1] INFO  com.zmj.commom.rabbitmq.MsgProducer - send2TopicTestBQueue:DepositChain(id=281997, user_id=100000192, address=TPsay8WkqcZviqR6W8Zkhe3Y5pqts8RMhV, currency_id=212, block=321791, status=2, txid=c06f190c07b450037633cba2fa8adc716cc95dcaa46392a8a28a6cec4f66319c, vout=0, amount=6.00000000000000000000, site_id=1, create_date=Mon Dec 28 15:32:07 CST 2020, modify_date=Mon Dec 28 15:38:43 CST 2020)
2020-12-28 20:17:50.106 [scheduling-1] INFO  com.zmj.commom.rabbitmq.MsgProducer - send2TopicTestBQueue:DepositChain(id=281997, user_id=100000192, address=TPsay8WkqcZviqR6W8Zkhe3Y5pqts8RMhV, currency_id=212, block=321791, status=2, txid=c06f190c07b450037633cba2fa8adc716cc95dcaa46392a8a28a6cec4f66319c, vout=0, amount=6.00000000000000000000, site_id=1, create_date=Mon Dec 28 15:32:07 CST 2020, modify_date=Mon Dec 28 15:38:43 CST 2020)
2020-12-28 20:17:55.107 [scheduling-1] INFO  com.zmj.commom.rabbitmq.MsgProducer - send2TopicTestBQueue:DepositChain(id=281997, user_id=100000192, address=TPsay8WkqcZviqR6W8Zkhe3Y5pqts8RMhV, currency_id=212, block=321791, status=2, txid=c06f190c07b450037633cba2fa8adc716cc95dcaa46392a8a28a6cec4f66319c, vout=0, amount=6.00000000000000000000, site_id=1, create_date=Mon Dec 28 15:32:07 CST 2020, modify_date=Mon Dec 28 15:38:43 CST 2020)
2020-12-28 20:18:00.141 [scheduling-1] INFO  com.zmj.commom.rabbitmq.MsgProducer - send2TopicTestBQueue:DepositChain(id=281997, user_id=100000192, address=TPsay8WkqcZviqR6W8Zkhe3Y5pqts8RMhV, currency_id=212, block=321791, status=2, txid=c06f190c07b450037633cba2fa8adc716cc95dcaa46392a8a28a6cec4f66319c, vout=0, amount=6.00000000000000000000, site_id=1, create_date=Mon Dec 28 15:32:07 CST 2020, modify_date=Mon Dec 28 15:38:43 CST 2020)
2020-12-28 20:18:05.098 [scheduling-1] INFO  com.zmj.commom.rabbitmq.MsgProducer - send2TopicTestBQueue:DepositChain(id=281997, user_id=100000192, address=TPsay8WkqcZviqR6W8Zkhe3Y5pqts8RMhV, currency_id=212, block=321791, status=2, txid=c06f190c07b450037633cba2fa8adc716cc95dcaa46392a8a28a6cec4f66319c, vout=0, amount=6.00000000000000000000, site_id=1, create_date=Mon Dec 28 15:32:07 CST 2020, modify_date=Mon Dec 28 15:38:43 CST 2020)
2020-12-28 20:18:10.114 [scheduling-1] INFO  com.zmj.commom.rabbitmq.MsgProducer - send2TopicTestBQueue:DepositChain(id=281997, user_id=100000192, address=TPsay8WkqcZviqR6W8Zkhe3Y5pqts8RMhV, currency_id=212, block=321791, status=2, txid=c06f190c07b450037633cba2fa8adc716cc95dcaa46392a8a28a6cec4f66319c, vout=0, amount=6.00000000000000000000, site_id=1, create_date=Mon Dec 28 15:32:07 CST 2020, modify_date=Mon Dec 28 15:38:43 CST 2020)
2020-12-28 20:18:15.096 [scheduling-1] INFO  com.zmj.commom.rabbitmq.MsgProducer - send2TopicTestBQueue:DepositChain(id=281997, user_id=100000192, address=TPsay8WkqcZviqR6W8Zkhe3Y5pqts8RMhV, currency_id=212, block=321791, status=2, txid=c06f190c07b450037633cba2fa8adc716cc95dcaa46392a8a28a6cec4f66319c, vout=0, amount=6.00000000000000000000, site_id=1, create_date=Mon Dec 28 15:32:07 CST 2020, modify_date=Mon Dec 28 15:38:43 CST 2020)
2020-12-28 20:18:20.098 [scheduling-1] INFO  com.zmj.commom.rabbitmq.MsgProducer - send2TopicTestBQueue:DepositChain(id=281997, user_id=100000192, address=TPsay8WkqcZviqR6W8Zkhe3Y5pqts8RMhV, currency_id=212, block=321791, status=2, txid=c06f190c07b450037633cba2fa8adc716cc95dcaa46392a8a28a6cec4f66319c, vout=0, amount=6.00000000000000000000, site_id=1, create_date=Mon Dec 28 15:32:07 CST 2020, modify_date=Mon Dec 28 15:38:43 CST 2020)
2020-12-28 20:18:25.098 [scheduling-1] INFO  com.zmj.commom.rabbitmq.MsgProducer - send2TopicTestBQueue:DepositChain(id=281997, user_id=100000192, address=TPsay8WkqcZviqR6W8Zkhe3Y5pqts8RMhV, currency_id=212, block=321791, status=2, txid=c06f190c07b450037633cba2fa8adc716cc95dcaa46392a8a28a6cec4f66319c, vout=0, amount=6.00000000000000000000, site_id=1, create_date=Mon Dec 28 15:32:07 CST 2020, modify_date=Mon Dec 28 15:38:43 CST 2020)
2020-12-28 20:18:30.096 [scheduling-1] INFO  com.zmj.commom.rabbitmq.MsgProducer - send2TopicTestBQueue:DepositChain(id=281997, user_id=100000192, address=TPsay8WkqcZviqR6W8Zkhe3Y5pqts8RMhV, currency_id=212, block=321791, status=2, txid=c06f190c07b450037633cba2fa8adc716cc95dcaa46392a8a28a6cec4f66319c, vout=0, amount=6.00000000000000000000, site_id=1, create_date=Mon Dec 28 15:32:07 CST 2020, modify_date=Mon Dec 28 15:38:43 CST 2020)
2020-12-28 20:18:35.097 [scheduling-1] INFO  com.zmj.commom.rabbitmq.MsgProducer - send2TopicTestBQueue:DepositChain(id=281997, user_id=100000192, address=TPsay8WkqcZviqR6W8Zkhe3Y5pqts8RMhV, currency_id=212, block=321791, status=2, txid=c06f190c07b450037633cba2fa8adc716cc95dcaa46392a8a28a6cec4f66319c, vout=0, amount=6.00000000000000000000, site_id=1, create_date=Mon Dec 28 15:32:07 CST 2020, modify_date=Mon Dec 28 15:38:43 CST 2020)
2020-12-28 20:18:40.098 [scheduling-1] INFO  com.zmj.commom.rabbitmq.MsgProducer - send2TopicTestBQueue:DepositChain(id=281997, user_id=100000192, address=TPsay8WkqcZviqR6W8Zkhe3Y5pqts8RMhV, currency_id=212, block=321791, status=2, txid=c06f190c07b450037633cba2fa8adc716cc95dcaa46392a8a28a6cec4f66319c, vout=0, amount=6.00000000000000000000, site_id=1, create_date=Mon Dec 28 15:32:07 CST 2020, modify_date=Mon Dec 28 15:38:43 CST 2020)
2020-12-28 20:18:45.109 [scheduling-1] INFO  com.zmj.commom.rabbitmq.MsgProducer - send2TopicTestBQueue:DepositChain(id=281997, user_id=100000192, address=TPsay8WkqcZviqR6W8Zkhe3Y5pqts8RMhV, currency_id=212, block=321791, status=2, txid=c06f190c07b450037633cba2fa8adc716cc95dcaa46392a8a28a6cec4f66319c, vout=0, amount=6.00000000000000000000, site_id=1, create_date=Mon Dec 28 15:32:07 CST 2020, modify_date=Mon Dec 28 15:38:43 CST 2020)
2020-12-28 20:18:50.096 [scheduling-1] INFO  com.zmj.commom.rabbitmq.MsgProducer - send2TopicTestBQueue:DepositChain(id=281997, user_id=100000192, address=TPsay8WkqcZviqR6W8Zkhe3Y5pqts8RMhV, currency_id=212, block=321791, status=2, txid=c06f190c07b450037633cba2fa8adc716cc95dcaa46392a8a28a6cec4f66319c, vout=0, amount=6.00000000000000000000, site_id=1, create_date=Mon Dec 28 15:32:07 CST 2020, modify_date=Mon Dec 28 15:38:43 CST 2020)
2020-12-28 20:18:55.104 [scheduling-1] INFO  com.zmj.commom.rabbitmq.MsgProducer - send2TopicTestBQueue:DepositChain(id=281997, user_id=100000192, address=TPsay8WkqcZviqR6W8Zkhe3Y5pqts8RMhV, currency_id=212, block=321791, status=2, txid=c06f190c07b450037633cba2fa8adc716cc95dcaa46392a8a28a6cec4f66319c, vout=0, amount=6.00000000000000000000, site_id=1, create_date=Mon Dec 28 15:32:07 CST 2020, modify_date=Mon Dec 28 15:38:43 CST 2020)
2020-12-28 20:19:00.116 [scheduling-1] INFO  com.zmj.commom.rabbitmq.MsgProducer - send2TopicTestBQueue:DepositChain(id=281997, user_id=100000192, address=TPsay8WkqcZviqR6W8Zkhe3Y5pqts8RMhV, currency_id=212, block=321791, status=2, txid=c06f190c07b450037633cba2fa8adc716cc95dcaa46392a8a28a6cec4f66319c, vout=0, amount=6.00000000000000000000, site_id=1, create_date=Mon Dec 28 15:32:07 CST 2020, modify_date=Mon Dec 28 15:38:43 CST 2020)
2020-12-28 20:19:05.106 [scheduling-1] INFO  com.zmj.commom.rabbitmq.MsgProducer - send2TopicTestBQueue:DepositChain(id=281997, user_id=100000192, address=TPsay8WkqcZviqR6W8Zkhe3Y5pqts8RMhV, currency_id=212, block=321791, status=2, txid=c06f190c07b450037633cba2fa8adc716cc95dcaa46392a8a28a6cec4f66319c, vout=0, amount=6.00000000000000000000, site_id=1, create_date=Mon Dec 28 15:32:07 CST 2020, modify_date=Mon Dec 28 15:38:43 CST 2020)
2020-12-28 20:19:10.106 [scheduling-1] INFO  com.zmj.commom.rabbitmq.MsgProducer - send2TopicTestBQueue:DepositChain(id=281997, user_id=100000192, address=TPsay8WkqcZviqR6W8Zkhe3Y5pqts8RMhV, currency_id=212, block=321791, status=2, txid=c06f190c07b450037633cba2fa8adc716cc95dcaa46392a8a28a6cec4f66319c, vout=0, amount=6.00000000000000000000, site_id=1, create_date=Mon Dec 28 15:32:07 CST 2020, modify_date=Mon Dec 28 15:38:43 CST 2020)
2020-12-28 20:19:15.106 [scheduling-1] INFO  com.zmj.commom.rabbitmq.MsgProducer - send2TopicTestBQueue:DepositChain(id=281997, user_id=100000192, address=TPsay8WkqcZviqR6W8Zkhe3Y5pqts8RMhV, currency_id=212, block=321791, status=2, txid=c06f190c07b450037633cba2fa8adc716cc95dcaa46392a8a28a6cec4f66319c, vout=0, amount=6.00000000000000000000, site_id=1, create_date=Mon Dec 28 15:32:07 CST 2020, modify_date=Mon Dec 28 15:38:43 CST 2020)
2020-12-28 20:19:20.107 [scheduling-1] INFO  com.zmj.commom.rabbitmq.MsgProducer - send2TopicTestBQueue:DepositChain(id=281997, user_id=100000192, address=TPsay8WkqcZviqR6W8Zkhe3Y5pqts8RMhV, currency_id=212, block=321791, status=2, txid=c06f190c07b450037633cba2fa8adc716cc95dcaa46392a8a28a6cec4f66319c, vout=0, amount=6.00000000000000000000, site_id=1, create_date=Mon Dec 28 15:32:07 CST 2020, modify_date=Mon Dec 28 15:38:43 CST 2020)
2020-12-28 20:19:25.107 [scheduling-1] INFO  com.zmj.commom.rabbitmq.MsgProducer - send2TopicTestBQueue:DepositChain(id=281997, user_id=100000192, address=TPsay8WkqcZviqR6W8Zkhe3Y5pqts8RMhV, currency_id=212, block=321791, status=2, txid=c06f190c07b450037633cba2fa8adc716cc95dcaa46392a8a28a6cec4f66319c, vout=0, amount=6.00000000000000000000, site_id=1, create_date=Mon Dec 28 15:32:07 CST 2020, modify_date=Mon Dec 28 15:38:43 CST 2020)
2020-12-28 20:19:30.124 [scheduling-1] INFO  com.zmj.commom.rabbitmq.MsgProducer - send2TopicTestBQueue:DepositChain(id=281997, user_id=100000192, address=TPsay8WkqcZviqR6W8Zkhe3Y5pqts8RMhV, currency_id=212, block=321791, status=2, txid=c06f190c07b450037633cba2fa8adc716cc95dcaa46392a8a28a6cec4f66319c, vout=0, amount=6.00000000000000000000, site_id=1, create_date=Mon Dec 28 15:32:07 CST 2020, modify_date=Mon Dec 28 15:38:43 CST 2020)
2020-12-28 20:19:35.116 [scheduling-1] INFO  com.zmj.commom.rabbitmq.MsgProducer - send2TopicTestBQueue:DepositChain(id=281997, user_id=100000192, address=TPsay8WkqcZviqR6W8Zkhe3Y5pqts8RMhV, currency_id=212, block=321791, status=2, txid=c06f190c07b450037633cba2fa8adc716cc95dcaa46392a8a28a6cec4f66319c, vout=0, amount=6.00000000000000000000, site_id=1, create_date=Mon Dec 28 15:32:07 CST 2020, modify_date=Mon Dec 28 15:38:43 CST 2020)
2020-12-28 20:19:40.096 [scheduling-1] INFO  com.zmj.commom.rabbitmq.MsgProducer - send2TopicTestBQueue:DepositChain(id=281997, user_id=100000192, address=TPsay8WkqcZviqR6W8Zkhe3Y5pqts8RMhV, currency_id=212, block=321791, status=2, txid=c06f190c07b450037633cba2fa8adc716cc95dcaa46392a8a28a6cec4f66319c, vout=0, amount=6.00000000000000000000, site_id=1, create_date=Mon Dec 28 15:32:07 CST 2020, modify_date=Mon Dec 28 15:38:43 CST 2020)
2020-12-28 20:19:45.095 [scheduling-1] INFO  com.zmj.commom.rabbitmq.MsgProducer - send2TopicTestBQueue:DepositChain(id=281997, user_id=100000192, address=TPsay8WkqcZviqR6W8Zkhe3Y5pqts8RMhV, currency_id=212, block=321791, status=2, txid=c06f190c07b450037633cba2fa8adc716cc95dcaa46392a8a28a6cec4f66319c, vout=0, amount=6.00000000000000000000, site_id=1, create_date=Mon Dec 28 15:32:07 CST 2020, modify_date=Mon Dec 28 15:38:43 CST 2020)
2020-12-28 20:19:50.126 [scheduling-1] INFO  com.zmj.commom.rabbitmq.MsgProducer - send2TopicTestBQueue:DepositChain(id=281997, user_id=100000192, address=TPsay8WkqcZviqR6W8Zkhe3Y5pqts8RMhV, currency_id=212, block=321791, status=2, txid=c06f190c07b450037633cba2fa8adc716cc95dcaa46392a8a28a6cec4f66319c, vout=0, amount=6.00000000000000000000, site_id=1, create_date=Mon Dec 28 15:32:07 CST 2020, modify_date=Mon Dec 28 15:38:43 CST 2020)
2020-12-28 20:19:55.106 [scheduling-1] INFO  com.zmj.commom.rabbitmq.MsgProducer - send2TopicTestBQueue:DepositChain(id=281997, user_id=100000192, address=TPsay8WkqcZviqR6W8Zkhe3Y5pqts8RMhV, currency_id=212, block=321791, status=2, txid=c06f190c07b450037633cba2fa8adc716cc95dcaa46392a8a28a6cec4f66319c, vout=0, amount=6.00000000000000000000, site_id=1, create_date=Mon Dec 28 15:32:07 CST 2020, modify_date=Mon Dec 28 15:38:43 CST 2020)
2020-12-28 20:20:00.096 [scheduling-1] INFO  com.zmj.commom.rabbitmq.MsgProducer - send2TopicTestBQueue:DepositChain(id=281997, user_id=100000192, address=TPsay8WkqcZviqR6W8Zkhe3Y5pqts8RMhV, currency_id=212, block=321791, status=2, txid=c06f190c07b450037633cba2fa8adc716cc95dcaa46392a8a28a6cec4f66319c, vout=0, amount=6.00000000000000000000, site_id=1, create_date=Mon Dec 28 15:32:07 CST 2020, modify_date=Mon Dec 28 15:38:43 CST 2020)
2020-12-28 20:20:05.107 [scheduling-1] INFO  com.zmj.commom.rabbitmq.MsgProducer - send2TopicTestBQueue:DepositChain(id=281997, user_id=100000192, address=TPsay8WkqcZviqR6W8Zkhe3Y5pqts8RMhV, currency_id=212, block=321791, status=2, txid=c06f190c07b450037633cba2fa8adc716cc95dcaa46392a8a28a6cec4f66319c, vout=0, amount=6.00000000000000000000, site_id=1, create_date=Mon Dec 28 15:32:07 CST 2020, modify_date=Mon Dec 28 15:38:43 CST 2020)
2020-12-28 20:20:08.618 [SpringContextShutdownHook] INFO  o.s.scheduling.concurrent.ThreadPoolTaskScheduler - Shutting down ExecutorService 'taskScheduler'
2020-12-28 20:20:08.620 [SpringContextShutdownHook] INFO  o.s.scheduling.concurrent.ThreadPoolTaskExecutor - Shutting down ExecutorService 'applicationTaskExecutor'
2020-12-28 20:20:08.624 [SpringContextShutdownHook] INFO  com.zaxxer.hikari.HikariDataSource - HikariPool-1 - Shutdown initiated...
2020-12-28 20:20:08.631 [SpringContextShutdownHook] INFO  com.zaxxer.hikari.HikariDataSource - HikariPool-1 - Shutdown completed.
