2020-08-25 07:13:25.640 [main] INFO  com.zmj.ZmjApplication - Starting ZmjApplication on gaihongweideMacBook-Air.local with PID 1004 (/Users/gaihongwei/tools/eclipse/workspace/zmj/target/classes started by gaihongwei in /Users/gaihongwei/tools/eclipse/workspace/zmj)
2020-08-25 07:13:25.643 [main] INFO  com.zmj.ZmjApplication - No active profile set, falling back to default profiles: default
2020-08-25 07:13:27.279 [main] INFO  o.s.d.r.config.RepositoryConfigurationDelegate - Multiple Spring Data modules found, entering strict repository configuration mode!
2020-08-25 07:13:27.288 [main] INFO  o.s.d.r.config.RepositoryConfigurationDelegate - Bootstrapping Spring Data Redis repositories in DEFAULT mode.
2020-08-25 07:13:27.393 [main] INFO  o.s.d.r.config.RepositoryConfigurationDelegate - Finished Spring Data repository scanning in 55ms. Found 0 Redis repository interfaces.
2020-08-25 07:13:28.555 [main] INFO  o.s.boot.web.embedded.tomcat.TomcatWebServer - Tomcat initialized with port(s): 19111 (http)
2020-08-25 07:13:28.584 [main] INFO  org.apache.coyote.http11.Http11NioProtocol - Initializing ProtocolHandler ["http-nio-19111"]
2020-08-25 07:13:28.585 [main] INFO  org.apache.catalina.core.StandardService - Starting service [Tomcat]
2020-08-25 07:13:28.585 [main] INFO  org.apache.catalina.core.StandardEngine - Starting Servlet engine: [Apache Tomcat/9.0.37]
2020-08-25 07:13:28.829 [main] INFO  o.a.c.core.ContainerBase.[Tomcat].[localhost].[/] - Initializing Spring embedded WebApplicationContext
2020-08-25 07:13:28.830 [main] INFO  o.s.b.w.s.c.ServletWebServerApplicationContext - Root WebApplicationContext: initialization completed in 3076 ms
2020-08-25 07:13:29.530 [main] INFO  c.a.d.s.b.a.DruidDataSourceAutoConfigure - Init DruidDataSource
2020-08-25 07:13:29.948 [main] INFO  com.alibaba.druid.pool.DruidDataSource - {dataSource-1} inited
2020-08-25 07:13:30.789 [main] INFO  o.s.scheduling.concurrent.ThreadPoolTaskExecutor - Initializing ExecutorService 'applicationTaskExecutor'
2020-08-25 07:13:31.477 [main] INFO  org.apache.coyote.http11.Http11NioProtocol - Starting ProtocolHandler ["http-nio-19111"]
2020-08-25 07:13:31.533 [main] INFO  o.s.boot.web.embedded.tomcat.TomcatWebServer - Tomcat started on port(s): 19111 (http) with context path ''
2020-08-25 07:13:31.557 [main] INFO  com.zmj.ZmjApplication - Started ZmjApplication in 7.762 seconds (JVM running for 9.027)
2020-08-25 07:15:04.632 [SpringContextShutdownHook] INFO  o.s.scheduling.concurrent.ThreadPoolTaskExecutor - Shutting down ExecutorService 'applicationTaskExecutor'
2020-08-25 07:15:04.633 [SpringContextShutdownHook] INFO  com.alibaba.druid.pool.DruidDataSource - {dataSource-1} closing ...
2020-08-25 07:15:04.640 [SpringContextShutdownHook] INFO  com.alibaba.druid.pool.DruidDataSource - {dataSource-1} closed
2020-08-25 07:15:11.840 [main] INFO  com.zmj.ZmjApplication - Starting ZmjApplication on gaihongweideMacBook-Air.local with PID 1021 (/Users/gaihongwei/tools/eclipse/workspace/zmj/target/classes started by gaihongwei in /Users/gaihongwei/tools/eclipse/workspace/zmj)
2020-08-25 07:15:11.843 [main] INFO  com.zmj.ZmjApplication - No active profile set, falling back to default profiles: default
2020-08-25 07:15:13.555 [main] INFO  o.s.d.r.config.RepositoryConfigurationDelegate - Multiple Spring Data modules found, entering strict repository configuration mode!
2020-08-25 07:15:13.560 [main] INFO  o.s.d.r.config.RepositoryConfigurationDelegate - Bootstrapping Spring Data Redis repositories in DEFAULT mode.
2020-08-25 07:15:13.629 [main] INFO  o.s.d.r.config.RepositoryConfigurationDelegate - Finished Spring Data repository scanning in 48ms. Found 0 Redis repository interfaces.
2020-08-25 07:15:14.487 [main] INFO  o.s.boot.web.embedded.tomcat.TomcatWebServer - Tomcat initialized with port(s): 19111 (http)
2020-08-25 07:15:14.509 [main] INFO  org.apache.coyote.http11.Http11NioProtocol - Initializing ProtocolHandler ["http-nio-19111"]
2020-08-25 07:15:14.510 [main] INFO  org.apache.catalina.core.StandardService - Starting service [Tomcat]
2020-08-25 07:15:14.511 [main] INFO  org.apache.catalina.core.StandardEngine - Starting Servlet engine: [Apache Tomcat/9.0.37]
2020-08-25 07:15:14.722 [main] INFO  o.a.c.core.ContainerBase.[Tomcat].[localhost].[/] - Initializing Spring embedded WebApplicationContext
2020-08-25 07:15:14.722 [main] INFO  o.s.b.w.s.c.ServletWebServerApplicationContext - Root WebApplicationContext: initialization completed in 2758 ms
2020-08-25 07:15:15.241 [main] INFO  c.a.d.s.b.a.DruidDataSourceAutoConfigure - Init DruidDataSource
2020-08-25 07:15:15.603 [main] INFO  com.alibaba.druid.pool.DruidDataSource - {dataSource-1} inited
2020-08-25 07:15:16.217 [main] INFO  o.s.scheduling.concurrent.ThreadPoolTaskExecutor - Initializing ExecutorService 'applicationTaskExecutor'
2020-08-25 07:15:16.706 [main] INFO  org.apache.coyote.http11.Http11NioProtocol - Starting ProtocolHandler ["http-nio-19111"]
2020-08-25 07:15:16.765 [main] INFO  o.s.boot.web.embedded.tomcat.TomcatWebServer - Tomcat started on port(s): 19111 (http) with context path ''
2020-08-25 07:15:16.781 [main] INFO  com.zmj.ZmjApplication - Started ZmjApplication in 5.779 seconds (JVM running for 6.706)
2020-08-25 07:17:35.882 [http-nio-19111-exec-2] INFO  o.a.c.core.ContainerBase.[Tomcat].[localhost].[/] - Initializing Spring DispatcherServlet 'dispatcherServlet'
2020-08-25 07:17:35.882 [http-nio-19111-exec-2] INFO  org.springframework.web.servlet.DispatcherServlet - Initializing Servlet 'dispatcherServlet'
2020-08-25 07:17:35.912 [http-nio-19111-exec-2] INFO  org.springframework.web.servlet.DispatcherServlet - Completed initialization in 28 ms
2020-08-25 07:17:44.361 [http-nio-19111-exec-3] WARN  o.s.w.s.m.support.DefaultHandlerExceptionResolver - Resolved [org.springframework.web.HttpRequestMethodNotSupportedException: Request method 'POST' not supported]
2020-08-25 07:18:53.206 [http-nio-19111-exec-6] INFO  com.zmj.commom.trx.TrxUtils - contract is : {"Error":"class java.lang.NullPointerException : null"}
2020-08-25 07:27:14.925 [SpringContextShutdownHook] INFO  o.s.scheduling.concurrent.ThreadPoolTaskExecutor - Shutting down ExecutorService 'applicationTaskExecutor'
2020-08-25 07:27:14.927 [SpringContextShutdownHook] INFO  com.alibaba.druid.pool.DruidDataSource - {dataSource-1} closing ...
2020-08-25 07:27:14.932 [SpringContextShutdownHook] INFO  com.alibaba.druid.pool.DruidDataSource - {dataSource-1} closed
