2020-09-18 10:40:43.415 [main] WARN  org.springframework.boot.StartupInfoLogger - InetAddress.getLocalHost().getHostName() took 5005 milliseconds to respond. Please verify your network configuration (macOS machines may need to add entries to /etc/hosts).
2020-09-18 10:40:48.427 [main] INFO  com.zmj.ZmjApplication - Starting ZmjApplication on gaihongweideMacBook-Air.local with PID 9033 (/Users/gaihongwei/tools/eclipse/workspace/zmj02/target/classes started by gaihongwei in /Users/gaihongwei/tools/eclipse/workspace/zmj02)
2020-09-18 10:40:48.429 [main] INFO  com.zmj.ZmjApplication - No active profile set, falling back to default profiles: default
2020-09-18 10:40:49.727 [main] WARN  org.mybatis.spring.mapper.ClassPathMapperScanner - Skipping MapperFactoryBean with name 'btcDao' and 'com.zmj.dao.btcd.BtcDao' mapperInterface. Bean already defined with the same name!
2020-09-18 10:40:49.727 [main] WARN  org.mybatis.spring.mapper.ClassPathMapperScanner - Skipping MapperFactoryBean with name 'tbCurrencyInfoDao' and 'com.zmj.dao.platform.TbCurrencyInfoDao' mapperInterface. Bean already defined with the same name!
2020-09-18 10:40:49.728 [main] WARN  org.mybatis.spring.mapper.ClassPathMapperScanner - Skipping MapperFactoryBean with name 'mainDao' and 'com.zmj.dao.orther.base.MainDao' mapperInterface. Bean already defined with the same name!
2020-09-18 10:40:49.728 [main] WARN  org.mybatis.spring.mapper.ClassPathMapperScanner - Skipping MapperFactoryBean with name 'documentarySmsDao' and 'com.zmj.dao.orther.future.DocumentarySmsDao' mapperInterface. Bean already defined with the same name!
2020-09-18 10:40:49.728 [main] WARN  org.mybatis.spring.mapper.ClassPathMapperScanner - Skipping MapperFactoryBean with name 'fexDao' and 'com.zmj.dao.orther.regular.FexDao' mapperInterface. Bean already defined with the same name!
2020-09-18 10:40:49.728 [main] WARN  org.mybatis.spring.mapper.ClassPathMapperScanner - No MyBatis mapper was found in '[com.zmj.dao]' package. Please check your configuration.
2020-09-18 10:40:50.110 [main] INFO  o.s.d.r.config.RepositoryConfigurationDelegate - Multiple Spring Data modules found, entering strict repository configuration mode!
2020-09-18 10:40:50.118 [main] INFO  o.s.d.r.config.RepositoryConfigurationDelegate - Bootstrapping Spring Data Redis repositories in DEFAULT mode.
2020-09-18 10:40:50.221 [main] INFO  o.s.d.r.config.RepositoryConfigurationDelegate - Finished Spring Data repository scanning in 53ms. Found 0 Redis repository interfaces.
2020-09-18 10:40:51.702 [main] INFO  o.s.boot.web.embedded.tomcat.TomcatWebServer - Tomcat initialized with port(s): 19111 (http)
2020-09-18 10:40:51.732 [main] INFO  org.apache.coyote.http11.Http11NioProtocol - Initializing ProtocolHandler ["http-nio-19111"]
2020-09-18 10:40:51.734 [main] INFO  org.apache.catalina.core.StandardService - Starting service [Tomcat]
2020-09-18 10:40:51.735 [main] INFO  org.apache.catalina.core.StandardEngine - Starting Servlet engine: [Apache Tomcat/9.0.37]
2020-09-18 10:40:52.027 [main] INFO  o.a.c.core.ContainerBase.[Tomcat].[localhost].[/] - Initializing Spring embedded WebApplicationContext
2020-09-18 10:40:52.028 [main] INFO  o.s.b.w.s.c.ServletWebServerApplicationContext - Root WebApplicationContext: initialization completed in 3477 ms
2020-09-18 10:40:53.710 [main] INFO  o.s.scheduling.concurrent.ThreadPoolTaskExecutor - Initializing ExecutorService 'applicationTaskExecutor'
2020-09-18 10:40:53.906 [main] INFO  o.s.b.a.web.servlet.WelcomePageHandlerMapping - Adding welcome page: class path resource [static/index.html]
2020-09-18 10:40:54.845 [main] INFO  org.apache.coyote.http11.Http11NioProtocol - Starting ProtocolHandler ["http-nio-19111"]
2020-09-18 10:40:54.910 [main] INFO  o.s.boot.web.embedded.tomcat.TomcatWebServer - Tomcat started on port(s): 19111 (http) with context path ''
2020-09-18 10:40:54.933 [main] INFO  com.zmj.ZmjApplication - Started ZmjApplication in 28.229 seconds (JVM running for 29.771)
2020-09-18 10:41:22.864 [http-nio-19111-exec-1] INFO  o.a.c.core.ContainerBase.[Tomcat].[localhost].[/] - Initializing Spring DispatcherServlet 'dispatcherServlet'
2020-09-18 10:41:22.866 [http-nio-19111-exec-1] INFO  org.springframework.web.servlet.DispatcherServlet - Initializing Servlet 'dispatcherServlet'
2020-09-18 10:41:22.882 [http-nio-19111-exec-1] INFO  org.springframework.web.servlet.DispatcherServlet - Completed initialization in 16 ms
2020-09-18 10:41:33.984 [http-nio-19111-exec-9] INFO  com.zmj.controller.btcd.BtcController - {"result":16943,"error":null,"id":"curltest"}
2020-09-18 10:41:41.514 [http-nio-19111-exec-10] INFO  com.zmj.controller.eos.EosController - {"code":500,"message":"Internal Service Error","error":{"code":3120003,"name":"wallet_locked_exception","what":"Locked wallet","details":[{"message":"You don't have any unlocked wallet!","file":"wallet_manager.cpp","line_number":149,"method":"get_public_keys"}]}}
2020-09-18 10:42:12.713 [SpringContextShutdownHook] INFO  o.s.scheduling.concurrent.ThreadPoolTaskExecutor - Shutting down ExecutorService 'applicationTaskExecutor'
2020-09-18 10:43:22.886 [main] WARN  org.springframework.boot.StartupInfoLogger - InetAddress.getLocalHost().getHostName() took 5007 milliseconds to respond. Please verify your network configuration (macOS machines may need to add entries to /etc/hosts).
2020-09-18 10:43:27.902 [main] INFO  com.zmj.ZmjApplication - Starting ZmjApplication on gaihongweideMacBook-Air.local with PID 9089 (/Users/gaihongwei/tools/eclipse/workspace/zmj02/target/classes started by gaihongwei in /Users/gaihongwei/tools/eclipse/workspace/zmj02)
2020-09-18 10:43:27.904 [main] INFO  com.zmj.ZmjApplication - No active profile set, falling back to default profiles: default
2020-09-18 10:43:29.302 [main] WARN  org.mybatis.spring.mapper.ClassPathMapperScanner - Skipping MapperFactoryBean with name 'btcDao' and 'com.zmj.dao.btcd.BtcDao' mapperInterface. Bean already defined with the same name!
2020-09-18 10:43:29.303 [main] WARN  org.mybatis.spring.mapper.ClassPathMapperScanner - Skipping MapperFactoryBean with name 'tbCurrencyInfoDao' and 'com.zmj.dao.platform.TbCurrencyInfoDao' mapperInterface. Bean already defined with the same name!
2020-09-18 10:43:29.304 [main] WARN  org.mybatis.spring.mapper.ClassPathMapperScanner - Skipping MapperFactoryBean with name 'mainDao' and 'com.zmj.dao.orther.base.MainDao' mapperInterface. Bean already defined with the same name!
2020-09-18 10:43:29.305 [main] WARN  org.mybatis.spring.mapper.ClassPathMapperScanner - Skipping MapperFactoryBean with name 'documentarySmsDao' and 'com.zmj.dao.orther.future.DocumentarySmsDao' mapperInterface. Bean already defined with the same name!
2020-09-18 10:43:29.305 [main] WARN  org.mybatis.spring.mapper.ClassPathMapperScanner - Skipping MapperFactoryBean with name 'fexDao' and 'com.zmj.dao.orther.regular.FexDao' mapperInterface. Bean already defined with the same name!
2020-09-18 10:43:29.305 [main] WARN  org.mybatis.spring.mapper.ClassPathMapperScanner - No MyBatis mapper was found in '[com.zmj.dao]' package. Please check your configuration.
2020-09-18 10:43:29.703 [main] INFO  o.s.d.r.config.RepositoryConfigurationDelegate - Multiple Spring Data modules found, entering strict repository configuration mode!
2020-09-18 10:43:29.712 [main] INFO  o.s.d.r.config.RepositoryConfigurationDelegate - Bootstrapping Spring Data Redis repositories in DEFAULT mode.
2020-09-18 10:43:29.816 [main] INFO  o.s.d.r.config.RepositoryConfigurationDelegate - Finished Spring Data repository scanning in 53ms. Found 0 Redis repository interfaces.
2020-09-18 10:43:31.306 [main] INFO  o.s.boot.web.embedded.tomcat.TomcatWebServer - Tomcat initialized with port(s): 19111 (http)
2020-09-18 10:43:31.335 [main] INFO  org.apache.coyote.http11.Http11NioProtocol - Initializing ProtocolHandler ["http-nio-19111"]
2020-09-18 10:43:31.336 [main] INFO  org.apache.catalina.core.StandardService - Starting service [Tomcat]
2020-09-18 10:43:31.336 [main] INFO  org.apache.catalina.core.StandardEngine - Starting Servlet engine: [Apache Tomcat/9.0.37]
2020-09-18 10:43:31.659 [main] INFO  o.a.c.core.ContainerBase.[Tomcat].[localhost].[/] - Initializing Spring embedded WebApplicationContext
2020-09-18 10:43:31.660 [main] INFO  o.s.b.w.s.c.ServletWebServerApplicationContext - Root WebApplicationContext: initialization completed in 3620 ms
2020-09-18 10:43:33.255 [main] INFO  o.s.scheduling.concurrent.ThreadPoolTaskExecutor - Initializing ExecutorService 'applicationTaskExecutor'
2020-09-18 10:43:33.479 [main] INFO  o.s.b.a.web.servlet.WelcomePageHandlerMapping - Adding welcome page: class path resource [static/index.html]
2020-09-18 10:43:34.395 [main] INFO  org.apache.coyote.http11.Http11NioProtocol - Starting ProtocolHandler ["http-nio-19111"]
2020-09-18 10:43:34.458 [main] INFO  o.s.boot.web.embedded.tomcat.TomcatWebServer - Tomcat started on port(s): 19111 (http) with context path ''
2020-09-18 10:43:34.487 [main] INFO  com.zmj.ZmjApplication - Started ZmjApplication in 27.956 seconds (JVM running for 29.191)
2020-09-18 10:43:54.591 [http-nio-19111-exec-1] INFO  o.a.c.core.ContainerBase.[Tomcat].[localhost].[/] - Initializing Spring DispatcherServlet 'dispatcherServlet'
2020-09-18 10:43:54.592 [http-nio-19111-exec-1] INFO  org.springframework.web.servlet.DispatcherServlet - Initializing Servlet 'dispatcherServlet'
2020-09-18 10:43:54.611 [http-nio-19111-exec-1] INFO  org.springframework.web.servlet.DispatcherServlet - Completed initialization in 18 ms
2020-09-18 10:43:57.630 [http-nio-19111-exec-9] INFO  com.zmj.controller.btcd.BtcController - {"result":16943,"error":null,"id":"curltest"}
2020-09-18 10:44:04.832 [http-nio-19111-exec-10] INFO  com.zmj.controller.eos.EosController - {"code":500,"message":"Internal Service Error","error":{"code":3120003,"name":"wallet_locked_exception","what":"Locked wallet","details":[{"message":"You don't have any unlocked wallet!","file":"wallet_manager.cpp","line_number":149,"method":"get_public_keys"}]}}
2020-09-18 10:44:37.995 [http-nio-19111-exec-2] INFO  com.zmj.controller.btcd.BtcController - {"result":16943,"error":null,"id":"curltest"}
2020-09-18 10:45:30.620 [SpringContextShutdownHook] INFO  o.s.scheduling.concurrent.ThreadPoolTaskExecutor - Shutting down ExecutorService 'applicationTaskExecutor'
2020-09-18 12:31:43.119 [main] WARN  org.springframework.boot.StartupInfoLogger - InetAddress.getLocalHost().getHostName() took 5004 milliseconds to respond. Please verify your network configuration (macOS machines may need to add entries to /etc/hosts).
2020-09-18 12:31:48.136 [main] INFO  com.zmj.ZmjApplication - Starting ZmjApplication on gaihongweideMacBook-Air.local with PID 9241 (/Users/gaihongwei/tools/eclipse/workspace/zmj02/target/classes started by gaihongwei in /Users/gaihongwei/tools/eclipse/workspace/zmj02)
2020-09-18 12:31:48.138 [main] INFO  com.zmj.ZmjApplication - No active profile set, falling back to default profiles: default
2020-09-18 12:31:49.451 [main] WARN  org.mybatis.spring.mapper.ClassPathMapperScanner - Skipping MapperFactoryBean with name 'btcDao' and 'com.zmj.dao.btcd.BtcDao' mapperInterface. Bean already defined with the same name!
2020-09-18 12:31:49.451 [main] WARN  org.mybatis.spring.mapper.ClassPathMapperScanner - Skipping MapperFactoryBean with name 'tbCurrencyInfoDao' and 'com.zmj.dao.platform.TbCurrencyInfoDao' mapperInterface. Bean already defined with the same name!
2020-09-18 12:31:49.451 [main] WARN  org.mybatis.spring.mapper.ClassPathMapperScanner - Skipping MapperFactoryBean with name 'mainDao' and 'com.zmj.dao.orther.base.MainDao' mapperInterface. Bean already defined with the same name!
2020-09-18 12:31:49.451 [main] WARN  org.mybatis.spring.mapper.ClassPathMapperScanner - Skipping MapperFactoryBean with name 'documentarySmsDao' and 'com.zmj.dao.orther.future.DocumentarySmsDao' mapperInterface. Bean already defined with the same name!
2020-09-18 12:31:49.451 [main] WARN  org.mybatis.spring.mapper.ClassPathMapperScanner - Skipping MapperFactoryBean with name 'fexDao' and 'com.zmj.dao.orther.regular.FexDao' mapperInterface. Bean already defined with the same name!
2020-09-18 12:31:49.452 [main] WARN  org.mybatis.spring.mapper.ClassPathMapperScanner - No MyBatis mapper was found in '[com.zmj.dao]' package. Please check your configuration.
2020-09-18 12:31:49.824 [main] INFO  o.s.d.r.config.RepositoryConfigurationDelegate - Multiple Spring Data modules found, entering strict repository configuration mode!
2020-09-18 12:31:49.834 [main] INFO  o.s.d.r.config.RepositoryConfigurationDelegate - Bootstrapping Spring Data Redis repositories in DEFAULT mode.
2020-09-18 12:31:49.957 [main] INFO  o.s.d.r.config.RepositoryConfigurationDelegate - Finished Spring Data repository scanning in 56ms. Found 0 Redis repository interfaces.
2020-09-18 12:31:51.404 [main] INFO  o.s.boot.web.embedded.tomcat.TomcatWebServer - Tomcat initialized with port(s): 19111 (http)
2020-09-18 12:31:51.435 [main] INFO  org.apache.coyote.http11.Http11NioProtocol - Initializing ProtocolHandler ["http-nio-19111"]
2020-09-18 12:31:51.436 [main] INFO  org.apache.catalina.core.StandardService - Starting service [Tomcat]
2020-09-18 12:31:51.438 [main] INFO  org.apache.catalina.core.StandardEngine - Starting Servlet engine: [Apache Tomcat/9.0.37]
2020-09-18 12:31:51.717 [main] INFO  o.a.c.core.ContainerBase.[Tomcat].[localhost].[/] - Initializing Spring embedded WebApplicationContext
2020-09-18 12:31:51.718 [main] INFO  o.s.b.w.s.c.ServletWebServerApplicationContext - Root WebApplicationContext: initialization completed in 3456 ms
2020-09-18 12:31:53.337 [main] INFO  o.s.scheduling.concurrent.ThreadPoolTaskExecutor - Initializing ExecutorService 'applicationTaskExecutor'
2020-09-18 12:31:53.537 [main] INFO  o.s.b.a.web.servlet.WelcomePageHandlerMapping - Adding welcome page: class path resource [static/index.html]
2020-09-18 12:31:54.484 [main] INFO  org.apache.coyote.http11.Http11NioProtocol - Starting ProtocolHandler ["http-nio-19111"]
2020-09-18 12:31:54.553 [main] INFO  o.s.boot.web.embedded.tomcat.TomcatWebServer - Tomcat started on port(s): 19111 (http) with context path ''
2020-09-18 12:31:54.573 [main] INFO  com.zmj.ZmjApplication - Started ZmjApplication in 27.807 seconds (JVM running for 29.002)
2020-09-18 12:32:05.579 [http-nio-19111-exec-1] INFO  o.a.c.core.ContainerBase.[Tomcat].[localhost].[/] - Initializing Spring DispatcherServlet 'dispatcherServlet'
2020-09-18 12:32:05.581 [http-nio-19111-exec-1] INFO  org.springframework.web.servlet.DispatcherServlet - Initializing Servlet 'dispatcherServlet'
2020-09-18 12:32:05.596 [http-nio-19111-exec-1] INFO  org.springframework.web.servlet.DispatcherServlet - Completed initialization in 15 ms
2020-09-18 12:32:07.975 [http-nio-19111-exec-2] INFO  com.zmj.controller.btcd.BtcController - {"result":16988,"error":null,"id":"curltest"}
2020-09-18 12:32:10.240 [http-nio-19111-exec-3] INFO  com.zmj.controller.eos.EosController - ["EOS4x6q9YA8NAz3o7BByogoJuyLVV7QQNVeHyPdYhaNgPZQ8EHYF5","EOS53nDvwVR9AG4Wo3SoTVAiTpesSnFHabwmcti7U4dGztxivvgQh","EOS54FRPCYMZYmaLm9RfrgAP96EzgDoMtpaJa3FD6uM75ix9c4LDt","EOS5DQAiGN5DG27AH2VQwP22gHMZbXixAz4VUzFZyPuvFVbVxp9cn","EOS5Me4QQpyv3f4eohwB3pz64erbticXyNcKyzGWm9Dk9t7bGmDvw","EOS5RLenYfMBRbJC8b3HfKy5dPr7jBKJYsQWFKaNuWjuJNejHppgU","EOS5WceMsoi3PKxaR8mFxb8bWgYHzv95j6CGG8o1EdYMQJWgj3UWb","EOS5bpmFammnPCW1UhuAgKZ7eSgi4qVqwAa159wKZRXnLbY7HEutq","EOS5d5GYFMCpuUimvmmREmcQoN9oMhuoiN4neQ3Yuuz8s6TC6V3C9","EOS5iUZoPv7GedoZZxZLgxjmHEt7xMYpUhzdmNq6wPM2QsLoiy6fM","EOS5pdeWguwWSWe9LhkPJ2JK3wFRbEp7At5oWD5Q1xX7EoRPp9Vzv","EOS5xtRr86NejgZNkBiGUiLFTsNEPbgaPXeSJyb4d9WMmxwZsEhV6","EOS67CjjHoApEyrKJiee5Gqysix4jjfNxhSaECo1Um7iRgQH6e6hV","EOS6Cj3PyovT3aeA3HjSn4ZYKhJEmTRN7zHX7RQnfmFmyB4UzoSKo","EOS6DnUoHmagyvRVoi2GziYVPXTthKUiJh7MfQ8zcAm1B4oCbisXF","EOS6F6QdUs1Yu81BA733FovrkgVh89jBPMDdnkBw7BSbSS2eqT2dB","EOS6HJqmVTiDr125MkRHGE9Kvyh8gN3o1bEFtEWe8yXCtEUp1Npht","EOS6MRyAjQq8ud7hVNYcfnVPJqcVpscN5So8BhtHuGYqET5GDW5CV","EOS6NLb55SMeEKyg3gy7Sr8fZrZj8uyqixemwKXYg6K3c5QYJYWhe","EOS6a8PzY2T5DdHXLS92aZmSGoVhDh7XoDaZWPeP4uXgjYRztCyok","EOS6dVA925bFmdtojo4agXJGKojTKXP7zGKgo5QAMAVptehk3CEeh","EOS6eY9FrpSh4GgxaebFVHJzF5VFAxijB1WsJRCBasoRumoBQz5bq","EOS6gmteTeaQ89Qfm74FDY6jQWyvkYEnXMBuYud1RKmson6KMD2tH","EOS6pXBtrT7BaZitXgJVPSKd4d4C1b4zsHXExAF6iDHoQAnrcFLUa","EOS6sQHpKX783MdzCQrNmNUFcvENEyNtR4tHuLYfk9TPfxkEFUgfJ","EOS771sDoLRKXSUNoYKZTU54G7fEJC6hsVvk7mqATbVnekD4gik9b","EOS7XtreCLPL1A18qTmgAFhEZ9VCgZ9wKB4Qx8KAh2sQ9ifNmbB2W","EOS7YNzVvFVq7DbJDKozFgfNaut9zWSsr7aNmwZ5hDXAeVHf36fCK","EOS7YQT5tv6DAwDmxdosAiz6BqMn7Gy3NrgqpERTxEyfSK1dhQKSh","EOS7jmUb4zSLu18dPVQkkVCPkTegSwi5KW96iRP3BPGfyFpU146gr","EOS7k35WFYc94HKu3ajha3bQn9d9dgtULRg5iYX1dHcSd2CU45bhp","EOS7tTBeRFcdZNqY9fEEZujeCeJLFcMjp2aeadMNWdzL4quARehRW","EOS7uG2t9npGKrf6SKQfyFgbbT1jPS1EyDmKy8Y1KZtJaYLKEdgD6","EOS7vAes8aepJ15JWAdfNKKtLpJK1m1Y83pLiT2DTG5HWPxKstmcx","EOS87u6nTZaBAR6H6d4c4KTqKRT7p63JcWZEQE251fHkCULnatNRq","EOS8FiAgDEWH3g9CyZTjHAkTsHMWX9xD5NkPpe4reec7SFfPb97sj","EOS8YgMFUiJwRyNFKjbWs4F7TZ5RKqhBJTzjJXV4ziFuGpai3EqVv","EOS8aPw4CdCQMH4KLaXLMocoU15VGwd7FkHsuF8vnZcQnNqMVyjfN","EOS8aZbXRiznzmNJk8SGeJq7rKTjvhEYSzbUR4gYvkKQN2jP6Vjey"]
2020-09-18 12:32:20.109 [http-nio-19111-exec-4] INFO  com.zmj.controller.eos.EosController - ["EOS4x6q9YA8NAz3o7BByogoJuyLVV7QQNVeHyPdYhaNgPZQ8EHYF5","EOS53nDvwVR9AG4Wo3SoTVAiTpesSnFHabwmcti7U4dGztxivvgQh","EOS54FRPCYMZYmaLm9RfrgAP96EzgDoMtpaJa3FD6uM75ix9c4LDt","EOS5DQAiGN5DG27AH2VQwP22gHMZbXixAz4VUzFZyPuvFVbVxp9cn","EOS5Me4QQpyv3f4eohwB3pz64erbticXyNcKyzGWm9Dk9t7bGmDvw","EOS5RLenYfMBRbJC8b3HfKy5dPr7jBKJYsQWFKaNuWjuJNejHppgU","EOS5WceMsoi3PKxaR8mFxb8bWgYHzv95j6CGG8o1EdYMQJWgj3UWb","EOS5bpmFammnPCW1UhuAgKZ7eSgi4qVqwAa159wKZRXnLbY7HEutq","EOS5d5GYFMCpuUimvmmREmcQoN9oMhuoiN4neQ3Yuuz8s6TC6V3C9","EOS5iUZoPv7GedoZZxZLgxjmHEt7xMYpUhzdmNq6wPM2QsLoiy6fM","EOS5pdeWguwWSWe9LhkPJ2JK3wFRbEp7At5oWD5Q1xX7EoRPp9Vzv","EOS5xtRr86NejgZNkBiGUiLFTsNEPbgaPXeSJyb4d9WMmxwZsEhV6","EOS67CjjHoApEyrKJiee5Gqysix4jjfNxhSaECo1Um7iRgQH6e6hV","EOS6Cj3PyovT3aeA3HjSn4ZYKhJEmTRN7zHX7RQnfmFmyB4UzoSKo","EOS6DnUoHmagyvRVoi2GziYVPXTthKUiJh7MfQ8zcAm1B4oCbisXF","EOS6F6QdUs1Yu81BA733FovrkgVh89jBPMDdnkBw7BSbSS2eqT2dB","EOS6HJqmVTiDr125MkRHGE9Kvyh8gN3o1bEFtEWe8yXCtEUp1Npht","EOS6MRyAjQq8ud7hVNYcfnVPJqcVpscN5So8BhtHuGYqET5GDW5CV","EOS6NLb55SMeEKyg3gy7Sr8fZrZj8uyqixemwKXYg6K3c5QYJYWhe","EOS6a8PzY2T5DdHXLS92aZmSGoVhDh7XoDaZWPeP4uXgjYRztCyok","EOS6dVA925bFmdtojo4agXJGKojTKXP7zGKgo5QAMAVptehk3CEeh","EOS6eY9FrpSh4GgxaebFVHJzF5VFAxijB1WsJRCBasoRumoBQz5bq","EOS6gmteTeaQ89Qfm74FDY6jQWyvkYEnXMBuYud1RKmson6KMD2tH","EOS6pXBtrT7BaZitXgJVPSKd4d4C1b4zsHXExAF6iDHoQAnrcFLUa","EOS6sQHpKX783MdzCQrNmNUFcvENEyNtR4tHuLYfk9TPfxkEFUgfJ","EOS771sDoLRKXSUNoYKZTU54G7fEJC6hsVvk7mqATbVnekD4gik9b","EOS7XtreCLPL1A18qTmgAFhEZ9VCgZ9wKB4Qx8KAh2sQ9ifNmbB2W","EOS7YNzVvFVq7DbJDKozFgfNaut9zWSsr7aNmwZ5hDXAeVHf36fCK","EOS7YQT5tv6DAwDmxdosAiz6BqMn7Gy3NrgqpERTxEyfSK1dhQKSh","EOS7jmUb4zSLu18dPVQkkVCPkTegSwi5KW96iRP3BPGfyFpU146gr","EOS7k35WFYc94HKu3ajha3bQn9d9dgtULRg5iYX1dHcSd2CU45bhp","EOS7tTBeRFcdZNqY9fEEZujeCeJLFcMjp2aeadMNWdzL4quARehRW","EOS7uG2t9npGKrf6SKQfyFgbbT1jPS1EyDmKy8Y1KZtJaYLKEdgD6","EOS7vAes8aepJ15JWAdfNKKtLpJK1m1Y83pLiT2DTG5HWPxKstmcx","EOS87u6nTZaBAR6H6d4c4KTqKRT7p63JcWZEQE251fHkCULnatNRq","EOS8FiAgDEWH3g9CyZTjHAkTsHMWX9xD5NkPpe4reec7SFfPb97sj","EOS8YgMFUiJwRyNFKjbWs4F7TZ5RKqhBJTzjJXV4ziFuGpai3EqVv","EOS8aPw4CdCQMH4KLaXLMocoU15VGwd7FkHsuF8vnZcQnNqMVyjfN","EOS8aZbXRiznzmNJk8SGeJq7rKTjvhEYSzbUR4gYvkKQN2jP6Vjey"]
2020-09-18 12:32:54.832 [SpringContextShutdownHook] INFO  o.s.scheduling.concurrent.ThreadPoolTaskExecutor - Shutting down ExecutorService 'applicationTaskExecutor'
2020-09-18 12:33:15.677 [main] WARN  org.springframework.boot.StartupInfoLogger - InetAddress.getLocalHost().getHostName() took 5005 milliseconds to respond. Please verify your network configuration (macOS machines may need to add entries to /etc/hosts).
2020-09-18 12:33:20.688 [main] INFO  com.zmj.ZmjApplication - Starting ZmjApplication on gaihongweideMacBook-Air.local with PID 9255 (/Users/gaihongwei/tools/eclipse/workspace/zmj02/target/classes started by gaihongwei in /Users/gaihongwei/tools/eclipse/workspace/zmj02)
2020-09-18 12:33:20.691 [main] INFO  com.zmj.ZmjApplication - No active profile set, falling back to default profiles: default
2020-09-18 12:33:21.699 [main] WARN  org.mybatis.spring.mapper.ClassPathMapperScanner - Skipping MapperFactoryBean with name 'btcDao' and 'com.zmj.dao.btcd.BtcDao' mapperInterface. Bean already defined with the same name!
2020-09-18 12:33:21.699 [main] WARN  org.mybatis.spring.mapper.ClassPathMapperScanner - Skipping MapperFactoryBean with name 'tbCurrencyInfoDao' and 'com.zmj.dao.platform.TbCurrencyInfoDao' mapperInterface. Bean already defined with the same name!
2020-09-18 12:33:21.700 [main] WARN  org.mybatis.spring.mapper.ClassPathMapperScanner - Skipping MapperFactoryBean with name 'mainDao' and 'com.zmj.dao.orther.base.MainDao' mapperInterface. Bean already defined with the same name!
2020-09-18 12:33:21.700 [main] WARN  org.mybatis.spring.mapper.ClassPathMapperScanner - Skipping MapperFactoryBean with name 'documentarySmsDao' and 'com.zmj.dao.orther.future.DocumentarySmsDao' mapperInterface. Bean already defined with the same name!
2020-09-18 12:33:21.700 [main] WARN  org.mybatis.spring.mapper.ClassPathMapperScanner - Skipping MapperFactoryBean with name 'fexDao' and 'com.zmj.dao.orther.regular.FexDao' mapperInterface. Bean already defined with the same name!
2020-09-18 12:33:21.700 [main] WARN  org.mybatis.spring.mapper.ClassPathMapperScanner - No MyBatis mapper was found in '[com.zmj.dao]' package. Please check your configuration.
2020-09-18 12:33:21.934 [main] INFO  o.s.d.r.config.RepositoryConfigurationDelegate - Multiple Spring Data modules found, entering strict repository configuration mode!
2020-09-18 12:33:21.938 [main] INFO  o.s.d.r.config.RepositoryConfigurationDelegate - Bootstrapping Spring Data Redis repositories in DEFAULT mode.
2020-09-18 12:33:22.008 [main] INFO  o.s.d.r.config.RepositoryConfigurationDelegate - Finished Spring Data repository scanning in 49ms. Found 0 Redis repository interfaces.
2020-09-18 12:33:23.058 [main] INFO  o.s.boot.web.embedded.tomcat.TomcatWebServer - Tomcat initialized with port(s): 19111 (http)
2020-09-18 12:33:23.080 [main] INFO  org.apache.coyote.http11.Http11NioProtocol - Initializing ProtocolHandler ["http-nio-19111"]
2020-09-18 12:33:23.081 [main] INFO  org.apache.catalina.core.StandardService - Starting service [Tomcat]
2020-09-18 12:33:23.081 [main] INFO  org.apache.catalina.core.StandardEngine - Starting Servlet engine: [Apache Tomcat/9.0.37]
2020-09-18 12:33:23.307 [main] INFO  o.a.c.core.ContainerBase.[Tomcat].[localhost].[/] - Initializing Spring embedded WebApplicationContext
2020-09-18 12:33:23.307 [main] INFO  o.s.b.w.s.c.ServletWebServerApplicationContext - Root WebApplicationContext: initialization completed in 2529 ms
2020-09-18 12:33:24.478 [main] INFO  o.s.scheduling.concurrent.ThreadPoolTaskExecutor - Initializing ExecutorService 'applicationTaskExecutor'
2020-09-18 12:33:24.639 [main] INFO  o.s.b.a.web.servlet.WelcomePageHandlerMapping - Adding welcome page: class path resource [static/index.html]
2020-09-18 12:33:25.305 [main] INFO  org.apache.coyote.http11.Http11NioProtocol - Starting ProtocolHandler ["http-nio-19111"]
2020-09-18 12:33:25.359 [main] INFO  o.s.boot.web.embedded.tomcat.TomcatWebServer - Tomcat started on port(s): 19111 (http) with context path ''
2020-09-18 12:33:25.378 [main] INFO  com.zmj.ZmjApplication - Started ZmjApplication in 25.651 seconds (JVM running for 26.672)
2020-09-18 12:34:37.565 [http-nio-19111-exec-1] INFO  o.a.c.core.ContainerBase.[Tomcat].[localhost].[/] - Initializing Spring DispatcherServlet 'dispatcherServlet'
2020-09-18 12:34:37.567 [http-nio-19111-exec-1] INFO  org.springframework.web.servlet.DispatcherServlet - Initializing Servlet 'dispatcherServlet'
2020-09-18 12:34:37.579 [http-nio-19111-exec-1] INFO  org.springframework.web.servlet.DispatcherServlet - Completed initialization in 12 ms
2020-09-18 12:34:41.044 [http-nio-19111-exec-10] INFO  com.zmj.controller.btcd.BtcController - {"result":16988,"error":null,"id":"curltest"}
2020-09-18 12:34:43.142 [http-nio-19111-exec-1] INFO  com.zmj.controller.eos.EosController - 3064894
2020-09-18 12:35:00.362 [SpringContextShutdownHook] INFO  o.s.scheduling.concurrent.ThreadPoolTaskExecutor - Shutting down ExecutorService 'applicationTaskExecutor'
2020-09-18 12:37:30.198 [main] WARN  org.springframework.boot.StartupInfoLogger - InetAddress.getLocalHost().getHostName() took 5005 milliseconds to respond. Please verify your network configuration (macOS machines may need to add entries to /etc/hosts).
2020-09-18 12:37:35.209 [main] INFO  com.zmj.ZmjApplication - Starting ZmjApplication on gaihongweideMacBook-Air.local with PID 9259 (/Users/gaihongwei/tools/eclipse/workspace/zmj02/target/classes started by gaihongwei in /Users/gaihongwei/tools/eclipse/workspace/zmj02)
2020-09-18 12:37:35.211 [main] INFO  com.zmj.ZmjApplication - No active profile set, falling back to default profiles: default
2020-09-18 12:37:36.186 [main] WARN  org.mybatis.spring.mapper.ClassPathMapperScanner - Skipping MapperFactoryBean with name 'btcDao' and 'com.zmj.dao.btcd.BtcDao' mapperInterface. Bean already defined with the same name!
2020-09-18 12:37:36.186 [main] WARN  org.mybatis.spring.mapper.ClassPathMapperScanner - Skipping MapperFactoryBean with name 'tbCurrencyInfoDao' and 'com.zmj.dao.platform.TbCurrencyInfoDao' mapperInterface. Bean already defined with the same name!
2020-09-18 12:37:36.187 [main] WARN  org.mybatis.spring.mapper.ClassPathMapperScanner - Skipping MapperFactoryBean with name 'mainDao' and 'com.zmj.dao.orther.base.MainDao' mapperInterface. Bean already defined with the same name!
2020-09-18 12:37:36.187 [main] WARN  org.mybatis.spring.mapper.ClassPathMapperScanner - Skipping MapperFactoryBean with name 'documentarySmsDao' and 'com.zmj.dao.orther.future.DocumentarySmsDao' mapperInterface. Bean already defined with the same name!
2020-09-18 12:37:36.187 [main] WARN  org.mybatis.spring.mapper.ClassPathMapperScanner - Skipping MapperFactoryBean with name 'fexDao' and 'com.zmj.dao.orther.regular.FexDao' mapperInterface. Bean already defined with the same name!
2020-09-18 12:37:36.188 [main] WARN  org.mybatis.spring.mapper.ClassPathMapperScanner - No MyBatis mapper was found in '[com.zmj.dao]' package. Please check your configuration.
2020-09-18 12:37:36.402 [main] INFO  o.s.d.r.config.RepositoryConfigurationDelegate - Multiple Spring Data modules found, entering strict repository configuration mode!
2020-09-18 12:37:36.410 [main] INFO  o.s.d.r.config.RepositoryConfigurationDelegate - Bootstrapping Spring Data Redis repositories in DEFAULT mode.
2020-09-18 12:37:36.481 [main] INFO  o.s.d.r.config.RepositoryConfigurationDelegate - Finished Spring Data repository scanning in 43ms. Found 0 Redis repository interfaces.
2020-09-18 12:37:37.413 [main] INFO  o.s.boot.web.embedded.tomcat.TomcatWebServer - Tomcat initialized with port(s): 19111 (http)
2020-09-18 12:37:37.436 [main] INFO  org.apache.coyote.http11.Http11NioProtocol - Initializing ProtocolHandler ["http-nio-19111"]
2020-09-18 12:37:37.437 [main] INFO  org.apache.catalina.core.StandardService - Starting service [Tomcat]
2020-09-18 12:37:37.437 [main] INFO  org.apache.catalina.core.StandardEngine - Starting Servlet engine: [Apache Tomcat/9.0.37]
2020-09-18 12:37:37.655 [main] INFO  o.a.c.core.ContainerBase.[Tomcat].[localhost].[/] - Initializing Spring embedded WebApplicationContext
2020-09-18 12:37:37.655 [main] INFO  o.s.b.w.s.c.ServletWebServerApplicationContext - Root WebApplicationContext: initialization completed in 2356 ms
2020-09-18 12:37:38.849 [main] INFO  o.s.scheduling.concurrent.ThreadPoolTaskExecutor - Initializing ExecutorService 'applicationTaskExecutor'
2020-09-18 12:37:38.995 [main] INFO  o.s.b.a.web.servlet.WelcomePageHandlerMapping - Adding welcome page: class path resource [static/index.html]
2020-09-18 12:37:39.614 [main] INFO  org.apache.coyote.http11.Http11NioProtocol - Starting ProtocolHandler ["http-nio-19111"]
2020-09-18 12:37:39.669 [main] INFO  o.s.boot.web.embedded.tomcat.TomcatWebServer - Tomcat started on port(s): 19111 (http) with context path ''
2020-09-18 12:37:39.688 [main] INFO  com.zmj.ZmjApplication - Started ZmjApplication in 25.666 seconds (JVM running for 26.866)
2020-09-18 12:37:46.936 [http-nio-19111-exec-1] INFO  o.a.c.core.ContainerBase.[Tomcat].[localhost].[/] - Initializing Spring DispatcherServlet 'dispatcherServlet'
2020-09-18 12:37:46.938 [http-nio-19111-exec-1] INFO  org.springframework.web.servlet.DispatcherServlet - Initializing Servlet 'dispatcherServlet'
2020-09-18 12:37:46.951 [http-nio-19111-exec-1] INFO  org.springframework.web.servlet.DispatcherServlet - Completed initialization in 12 ms
2020-09-18 12:38:04.983 [http-nio-19111-exec-10] INFO  com.zmj.controller.btcd.BtcController - {"result":16988,"error":null,"id":"curltest"}
2020-09-18 12:38:07.561 [http-nio-19111-exec-1] INFO  com.zmj.controller.eos.EosController - {"msg":"success","result":"3064894","status":0}
2020-09-18 12:38:50.750 [SpringContextShutdownHook] INFO  o.s.scheduling.concurrent.ThreadPoolTaskExecutor - Shutting down ExecutorService 'applicationTaskExecutor'
