2021-01-12 13:59:33.797 [main] WARN  org.springframework.boot.StartupInfoLogger - InetAddress.getLocalHost().getHostName() took 5004 milliseconds to respond. Please verify your network configuration (macOS machines may need to add entries to /etc/hosts).
2021-01-12 13:59:38.814 [main] INFO  com.zmj.ZmjApplication - Starting ZmjApplication on gaihongweideMacBook-Air.local with PID 59278 (/Users/gaihongwei/tools/eclipse/workspace/zmj/target/classes started by gaihongwei in /Users/gaihongwei/tools/eclipse/workspace/zmj)
2021-01-12 13:59:38.816 [main] INFO  com.zmj.ZmjApplication - No active profile set, falling back to default profiles: default
2021-01-12 13:59:40.255 [main] WARN  org.mybatis.spring.mapper.ClassPathMapperScanner - Skipping MapperFactoryBean with name 'btcDao' and 'com.zmj.dao.btcd.BtcDao' mapperInterface. Bean already defined with the same name!
2021-01-12 13:59:40.257 [main] WARN  org.mybatis.spring.mapper.ClassPathMapperScanner - Skipping MapperFactoryBean with name 'mainDao' and 'com.zmj.dao.orther.base.MainDao' mapperInterface. Bean already defined with the same name!
2021-01-12 13:59:40.257 [main] WARN  org.mybatis.spring.mapper.ClassPathMapperScanner - Skipping MapperFactoryBean with name 'depositDao' and 'com.zmj.dao.orther.deposit.DepositDao' mapperInterface. Bean already defined with the same name!
2021-01-12 13:59:40.258 [main] WARN  org.mybatis.spring.mapper.ClassPathMapperScanner - Skipping MapperFactoryBean with name 'documentarySmsDao' and 'com.zmj.dao.orther.future.DocumentarySmsDao' mapperInterface. Bean already defined with the same name!
2021-01-12 13:59:40.258 [main] WARN  org.mybatis.spring.mapper.ClassPathMapperScanner - Skipping MapperFactoryBean with name 'fexDao' and 'com.zmj.dao.orther.regular.FexDao' mapperInterface. Bean already defined with the same name!
2021-01-12 13:59:40.259 [main] WARN  org.mybatis.spring.mapper.ClassPathMapperScanner - Skipping MapperFactoryBean with name 'projectDao' and 'com.zmj.dao.platform.ProjectDao' mapperInterface. Bean already defined with the same name!
2021-01-12 13:59:40.259 [main] WARN  org.mybatis.spring.mapper.ClassPathMapperScanner - Skipping MapperFactoryBean with name 'tbCurrencyInfoDao' and 'com.zmj.dao.platform.TbCurrencyInfoDao' mapperInterface. Bean already defined with the same name!
2021-01-12 13:59:40.259 [main] WARN  org.mybatis.spring.mapper.ClassPathMapperScanner - Skipping MapperFactoryBean with name 'userDao' and 'com.zmj.dao.platform.UserDao' mapperInterface. Bean already defined with the same name!
2021-01-12 13:59:40.260 [main] WARN  org.mybatis.spring.mapper.ClassPathMapperScanner - No MyBatis mapper was found in '[com.zmj.dao]' package. Please check your configuration.
2021-01-12 13:59:40.790 [main] INFO  o.s.d.r.config.RepositoryConfigurationDelegate - Multiple Spring Data modules found, entering strict repository configuration mode!
2021-01-12 13:59:40.800 [main] INFO  o.s.d.r.config.RepositoryConfigurationDelegate - Bootstrapping Spring Data Redis repositories in DEFAULT mode.
2021-01-12 13:59:40.923 [main] INFO  o.s.d.r.config.RepositoryConfigurationDelegate - Finished Spring Data repository scanning in 63ms. Found 0 Redis repository interfaces.
2021-01-12 13:59:42.541 [main] INFO  o.s.boot.web.embedded.tomcat.TomcatWebServer - Tomcat initialized with port(s): 19113 (http)
2021-01-12 13:59:42.573 [main] INFO  org.apache.coyote.http11.Http11NioProtocol - Initializing ProtocolHandler ["http-nio-19113"]
2021-01-12 13:59:42.574 [main] INFO  org.apache.catalina.core.StandardService - Starting service [Tomcat]
2021-01-12 13:59:42.575 [main] INFO  org.apache.catalina.core.StandardEngine - Starting Servlet engine: [Apache Tomcat/9.0.37]
2021-01-12 13:59:42.859 [main] INFO  o.a.c.core.ContainerBase.[Tomcat].[localhost].[/] - Initializing Spring embedded WebApplicationContext
2021-01-12 13:59:42.860 [main] INFO  o.s.b.w.s.c.ServletWebServerApplicationContext - Root WebApplicationContext: initialization completed in 3934 ms
2021-01-12 13:59:45.922 [main] INFO  o.s.scheduling.concurrent.ThreadPoolTaskExecutor - Initializing ExecutorService 'applicationTaskExecutor'
2021-01-12 13:59:46.162 [main] INFO  o.s.b.a.web.servlet.WelcomePageHandlerMapping - Adding welcome page: class path resource [static/index.html]
2021-01-12 13:59:46.853 [main] INFO  o.s.scheduling.concurrent.ThreadPoolTaskScheduler - Initializing ExecutorService 'taskScheduler'
2021-01-12 13:59:46.911 [main] INFO  org.apache.coyote.http11.Http11NioProtocol - Starting ProtocolHandler ["http-nio-19113"]
2021-01-12 13:59:46.967 [main] INFO  o.s.boot.web.embedded.tomcat.TomcatWebServer - Tomcat started on port(s): 19113 (http) with context path ''
2021-01-12 13:59:46.996 [main] INFO  com.zmj.ZmjApplication - Started ZmjApplication in 29.735 seconds (JVM running for 31.376)
2021-01-12 13:59:50.065 [scheduling-1] INFO  com.zaxxer.hikari.HikariDataSource - HikariPool-1 - Starting...
2021-01-12 13:59:50.853 [scheduling-1] INFO  com.zaxxer.hikari.HikariDataSource - HikariPool-1 - Start completed.
2021-01-12 13:59:51.320 [scheduling-1] INFO  com.zmj.commom.rabbitmq.MsgProducer - send2TopicTestBQueue:DepositChain(id=281998, user_id=100000192, address=TPsay8WkqcZviqR6W8Zkhe3Y5pqts8RMhV, currency_id=212, block=727042, status=2, txid=7688fd6db64ad9c956c3b8d87c793e667b1954c5e1faa601eab1c12933541922, vout=0, amount=6.00000000000000000000, site_id=1, create_date=Mon Jan 11 17:20:42 CST 2021, modify_date=Mon Jan 11 17:20:42 CST 2021)
2021-01-12 13:59:51.337 [scheduling-1] INFO  o.s.a.rabbit.connection.CachingConnectionFactory - Attempting to connect to: [192.168.112.170:5672]
2021-01-12 13:59:51.766 [scheduling-1] INFO  o.s.a.rabbit.connection.CachingConnectionFactory - Created new connection: rabbitConnectionFactory#7026b7ee:0/SimpleConnection@26dfbb88 [delegate=amqp://admin@192.168.112.170:5672/, localPort= 57602]
2021-01-12 13:59:55.238 [scheduling-1] INFO  com.zmj.commom.rabbitmq.MsgProducer - send2TopicTestBQueue:DepositChain(id=281998, user_id=100000192, address=TPsay8WkqcZviqR6W8Zkhe3Y5pqts8RMhV, currency_id=212, block=727042, status=2, txid=7688fd6db64ad9c956c3b8d87c793e667b1954c5e1faa601eab1c12933541922, vout=0, amount=6.00000000000000000000, site_id=1, create_date=Mon Jan 11 17:20:42 CST 2021, modify_date=Mon Jan 11 17:20:42 CST 2021)
2021-01-12 14:00:00.103 [scheduling-1] INFO  com.zmj.commom.rabbitmq.MsgProducer - send2TopicTestBQueue:DepositChain(id=281998, user_id=100000192, address=TPsay8WkqcZviqR6W8Zkhe3Y5pqts8RMhV, currency_id=212, block=727042, status=2, txid=7688fd6db64ad9c956c3b8d87c793e667b1954c5e1faa601eab1c12933541922, vout=0, amount=6.00000000000000000000, site_id=1, create_date=Mon Jan 11 17:20:42 CST 2021, modify_date=Mon Jan 11 17:20:42 CST 2021)
2021-01-12 14:00:05.821 [scheduling-1] INFO  com.zmj.commom.rabbitmq.MsgProducer - send2TopicTestBQueue:DepositChain(id=281998, user_id=100000192, address=TPsay8WkqcZviqR6W8Zkhe3Y5pqts8RMhV, currency_id=212, block=727042, status=2, txid=7688fd6db64ad9c956c3b8d87c793e667b1954c5e1faa601eab1c12933541922, vout=0, amount=6.00000000000000000000, site_id=1, create_date=Mon Jan 11 17:20:42 CST 2021, modify_date=Mon Jan 11 17:20:42 CST 2021)
2021-01-12 14:00:10.295 [scheduling-1] INFO  com.zmj.commom.rabbitmq.MsgProducer - send2TopicTestBQueue:DepositChain(id=281998, user_id=100000192, address=TPsay8WkqcZviqR6W8Zkhe3Y5pqts8RMhV, currency_id=212, block=727042, status=2, txid=7688fd6db64ad9c956c3b8d87c793e667b1954c5e1faa601eab1c12933541922, vout=0, amount=6.00000000000000000000, site_id=1, create_date=Mon Jan 11 17:20:42 CST 2021, modify_date=Mon Jan 11 17:20:42 CST 2021)
2021-01-12 14:00:12.205 [http-nio-19113-exec-1] INFO  o.a.c.core.ContainerBase.[Tomcat].[localhost].[/] - Initializing Spring DispatcherServlet 'dispatcherServlet'
2021-01-12 14:00:12.206 [http-nio-19113-exec-1] INFO  org.springframework.web.servlet.DispatcherServlet - Initializing Servlet 'dispatcherServlet'
2021-01-12 14:00:12.222 [http-nio-19113-exec-1] INFO  org.springframework.web.servlet.DispatcherServlet - Completed initialization in 16 ms
2021-01-12 14:00:15.098 [scheduling-1] INFO  com.zmj.commom.rabbitmq.MsgProducer - send2TopicTestBQueue:DepositChain(id=281998, user_id=100000192, address=TPsay8WkqcZviqR6W8Zkhe3Y5pqts8RMhV, currency_id=212, block=727042, status=2, txid=7688fd6db64ad9c956c3b8d87c793e667b1954c5e1faa601eab1c12933541922, vout=0, amount=6.00000000000000000000, site_id=1, create_date=Mon Jan 11 17:20:42 CST 2021, modify_date=Mon Jan 11 17:20:42 CST 2021)
2021-01-12 14:00:20.399 [scheduling-1] INFO  com.zmj.commom.rabbitmq.MsgProducer - send2TopicTestBQueue:DepositChain(id=281998, user_id=100000192, address=TPsay8WkqcZviqR6W8Zkhe3Y5pqts8RMhV, currency_id=212, block=727042, status=2, txid=7688fd6db64ad9c956c3b8d87c793e667b1954c5e1faa601eab1c12933541922, vout=0, amount=6.00000000000000000000, site_id=1, create_date=Mon Jan 11 17:20:42 CST 2021, modify_date=Mon Jan 11 17:20:42 CST 2021)
2021-01-12 14:00:23.767 [http-nio-19113-exec-7] INFO  com.zaxxer.hikari.HikariDataSource - HikariPool-2 - Starting...
2021-01-12 14:00:25.083 [scheduling-1] INFO  com.zmj.commom.rabbitmq.MsgProducer - send2TopicTestBQueue:DepositChain(id=281998, user_id=100000192, address=TPsay8WkqcZviqR6W8Zkhe3Y5pqts8RMhV, currency_id=212, block=727042, status=2, txid=7688fd6db64ad9c956c3b8d87c793e667b1954c5e1faa601eab1c12933541922, vout=0, amount=6.00000000000000000000, site_id=1, create_date=Mon Jan 11 17:20:42 CST 2021, modify_date=Mon Jan 11 17:20:42 CST 2021)
2021-01-12 14:00:28.979 [http-nio-19113-exec-7] INFO  com.zaxxer.hikari.HikariDataSource - HikariPool-2 - Start completed.
2021-01-12 14:00:30.101 [scheduling-1] INFO  com.zmj.commom.rabbitmq.MsgProducer - send2TopicTestBQueue:DepositChain(id=281998, user_id=100000192, address=TPsay8WkqcZviqR6W8Zkhe3Y5pqts8RMhV, currency_id=212, block=727042, status=2, txid=7688fd6db64ad9c956c3b8d87c793e667b1954c5e1faa601eab1c12933541922, vout=0, amount=6.00000000000000000000, site_id=1, create_date=Mon Jan 11 17:20:42 CST 2021, modify_date=Mon Jan 11 17:20:42 CST 2021)
2021-01-12 14:00:35.092 [scheduling-1] INFO  com.zmj.commom.rabbitmq.MsgProducer - send2TopicTestBQueue:DepositChain(id=281998, user_id=100000192, address=TPsay8WkqcZviqR6W8Zkhe3Y5pqts8RMhV, currency_id=212, block=727042, status=2, txid=7688fd6db64ad9c956c3b8d87c793e667b1954c5e1faa601eab1c12933541922, vout=0, amount=6.00000000000000000000, site_id=1, create_date=Mon Jan 11 17:20:42 CST 2021, modify_date=Mon Jan 11 17:20:42 CST 2021)
2021-01-12 14:00:40.098 [scheduling-1] INFO  com.zmj.commom.rabbitmq.MsgProducer - send2TopicTestBQueue:DepositChain(id=281998, user_id=100000192, address=TPsay8WkqcZviqR6W8Zkhe3Y5pqts8RMhV, currency_id=212, block=727042, status=2, txid=7688fd6db64ad9c956c3b8d87c793e667b1954c5e1faa601eab1c12933541922, vout=0, amount=6.00000000000000000000, site_id=1, create_date=Mon Jan 11 17:20:42 CST 2021, modify_date=Mon Jan 11 17:20:42 CST 2021)
2021-01-12 14:00:43.780 [SpringContextShutdownHook] INFO  o.s.scheduling.concurrent.ThreadPoolTaskScheduler - Shutting down ExecutorService 'taskScheduler'
2021-01-12 14:00:43.783 [SpringContextShutdownHook] INFO  o.s.scheduling.concurrent.ThreadPoolTaskExecutor - Shutting down ExecutorService 'applicationTaskExecutor'
2021-01-12 14:00:43.787 [SpringContextShutdownHook] INFO  com.zaxxer.hikari.HikariDataSource - HikariPool-2 - Shutdown initiated...
2021-01-12 14:00:43.816 [SpringContextShutdownHook] INFO  com.zaxxer.hikari.HikariDataSource - HikariPool-2 - Shutdown completed.
2021-01-12 14:00:43.820 [SpringContextShutdownHook] INFO  com.zaxxer.hikari.HikariDataSource - HikariPool-1 - Shutdown initiated...
2021-01-12 14:00:43.829 [SpringContextShutdownHook] INFO  com.zaxxer.hikari.HikariDataSource - HikariPool-1 - Shutdown completed.
