2020-08-27 20:41:33.662 [main] INFO  com.zmj.ZmjApplication - Starting ZmjApplication on gaihongweideMacBook-Air.local with PID 3581 (/Users/gaihongwei/tools/eclipse/workspace/zmj/target/classes started by gaihongwei in /Users/gaihongwei/tools/eclipse/workspace/zmj)
2020-08-27 20:41:33.676 [main] INFO  com.zmj.ZmjApplication - No active profile set, falling back to default profiles: default
2020-08-27 20:41:35.653 [main] INFO  o.s.d.r.config.RepositoryConfigurationDelegate - Multiple Spring Data modules found, entering strict repository configuration mode!
2020-08-27 20:41:35.664 [main] INFO  o.s.d.r.config.RepositoryConfigurationDelegate - Bootstrapping Spring Data Redis repositories in DEFAULT mode.
2020-08-27 20:41:35.769 [main] INFO  o.s.d.r.config.RepositoryConfigurationDelegate - Finished Spring Data repository scanning in 51ms. Found 0 Redis repository interfaces.
2020-08-27 20:41:37.497 [main] INFO  o.s.boot.web.embedded.tomcat.TomcatWebServer - Tomcat initialized with port(s): 19111 (http)
2020-08-27 20:41:37.539 [main] INFO  org.apache.coyote.http11.Http11NioProtocol - Initializing ProtocolHandler ["http-nio-19111"]
2020-08-27 20:41:37.539 [main] INFO  org.apache.catalina.core.StandardService - Starting service [Tomcat]
2020-08-27 20:41:37.540 [main] INFO  org.apache.catalina.core.StandardEngine - Starting Servlet engine: [Apache Tomcat/9.0.37]
2020-08-27 20:41:37.830 [main] INFO  o.a.c.core.ContainerBase.[Tomcat].[localhost].[/] - Initializing Spring embedded WebApplicationContext
2020-08-27 20:41:37.830 [main] INFO  o.s.b.w.s.c.ServletWebServerApplicationContext - Root WebApplicationContext: initialization completed in 3916 ms
2020-08-27 20:41:38.712 [main] INFO  c.a.d.s.b.a.DruidDataSourceAutoConfigure - Init DruidDataSource
2020-08-27 20:41:39.184 [main] INFO  com.alibaba.druid.pool.DruidDataSource - {dataSource-1} inited
2020-08-27 20:41:40.248 [main] INFO  o.s.scheduling.concurrent.ThreadPoolTaskExecutor - Initializing ExecutorService 'applicationTaskExecutor'
2020-08-27 20:41:40.943 [main] INFO  org.apache.coyote.http11.Http11NioProtocol - Starting ProtocolHandler ["http-nio-19111"]
2020-08-27 20:41:41.028 [main] INFO  o.s.boot.web.embedded.tomcat.TomcatWebServer - Tomcat started on port(s): 19111 (http) with context path ''
2020-08-27 20:41:41.062 [main] INFO  com.zmj.ZmjApplication - Started ZmjApplication in 9.234 seconds (JVM running for 10.705)
2020-08-27 20:42:47.122 [http-nio-19111-exec-1] INFO  o.a.c.core.ContainerBase.[Tomcat].[localhost].[/] - Initializing Spring DispatcherServlet 'dispatcherServlet'
2020-08-27 20:42:47.124 [http-nio-19111-exec-1] INFO  org.springframework.web.servlet.DispatcherServlet - Initializing Servlet 'dispatcherServlet'
2020-08-27 20:42:47.148 [http-nio-19111-exec-1] INFO  org.springframework.web.servlet.DispatcherServlet - Completed initialization in 24 ms
2020-08-27 20:42:47.474 [http-nio-19111-exec-1] INFO  com.zmj.commom.trx.TrxUtils - is validate address : {"result":false,"message":"Length error"}
2020-08-27 20:43:15.414 [http-nio-19111-exec-3] INFO  com.zmj.commom.trx.TrxUtils - is validate address : {"result":false,"message":"Length error"}
2020-08-27 20:44:25.745 [SpringContextShutdownHook] INFO  o.s.scheduling.concurrent.ThreadPoolTaskExecutor - Shutting down ExecutorService 'applicationTaskExecutor'
2020-08-27 20:44:25.748 [SpringContextShutdownHook] INFO  com.alibaba.druid.pool.DruidDataSource - {dataSource-1} closing ...
2020-08-27 20:44:25.755 [SpringContextShutdownHook] INFO  com.alibaba.druid.pool.DruidDataSource - {dataSource-1} closed
2020-08-27 20:44:34.294 [main] INFO  com.zmj.ZmjApplication - Starting ZmjApplication on gaihongweideMacBook-Air.local with PID 3589 (/Users/gaihongwei/tools/eclipse/workspace/zmj/target/classes started by gaihongwei in /Users/gaihongwei/tools/eclipse/workspace/zmj)
2020-08-27 20:44:34.312 [main] INFO  com.zmj.ZmjApplication - No active profile set, falling back to default profiles: default
2020-08-27 20:44:36.075 [main] INFO  o.s.d.r.config.RepositoryConfigurationDelegate - Multiple Spring Data modules found, entering strict repository configuration mode!
2020-08-27 20:44:36.078 [main] INFO  o.s.d.r.config.RepositoryConfigurationDelegate - Bootstrapping Spring Data Redis repositories in DEFAULT mode.
2020-08-27 20:44:36.147 [main] INFO  o.s.d.r.config.RepositoryConfigurationDelegate - Finished Spring Data repository scanning in 48ms. Found 0 Redis repository interfaces.
2020-08-27 20:44:37.208 [main] INFO  o.s.boot.web.embedded.tomcat.TomcatWebServer - Tomcat initialized with port(s): 19111 (http)
2020-08-27 20:44:37.233 [main] INFO  org.apache.coyote.http11.Http11NioProtocol - Initializing ProtocolHandler ["http-nio-19111"]
2020-08-27 20:44:37.234 [main] INFO  org.apache.catalina.core.StandardService - Starting service [Tomcat]
2020-08-27 20:44:37.235 [main] INFO  org.apache.catalina.core.StandardEngine - Starting Servlet engine: [Apache Tomcat/9.0.37]
2020-08-27 20:44:37.508 [main] INFO  o.a.c.core.ContainerBase.[Tomcat].[localhost].[/] - Initializing Spring embedded WebApplicationContext
2020-08-27 20:44:37.510 [main] INFO  o.s.b.w.s.c.ServletWebServerApplicationContext - Root WebApplicationContext: initialization completed in 2968 ms
2020-08-27 20:44:38.054 [main] INFO  c.a.d.s.b.a.DruidDataSourceAutoConfigure - Init DruidDataSource
2020-08-27 20:44:38.412 [main] INFO  com.alibaba.druid.pool.DruidDataSource - {dataSource-1} inited
2020-08-27 20:44:39.130 [main] INFO  o.s.scheduling.concurrent.ThreadPoolTaskExecutor - Initializing ExecutorService 'applicationTaskExecutor'
2020-08-27 20:44:39.686 [main] INFO  org.apache.coyote.http11.Http11NioProtocol - Starting ProtocolHandler ["http-nio-19111"]
2020-08-27 20:44:39.743 [main] INFO  o.s.boot.web.embedded.tomcat.TomcatWebServer - Tomcat started on port(s): 19111 (http) with context path ''
2020-08-27 20:44:39.766 [main] INFO  com.zmj.ZmjApplication - Started ZmjApplication in 6.708 seconds (JVM running for 7.852)
2020-08-27 20:45:36.696 [http-nio-19111-exec-1] INFO  o.a.c.core.ContainerBase.[Tomcat].[localhost].[/] - Initializing Spring DispatcherServlet 'dispatcherServlet'
2020-08-27 20:45:36.697 [http-nio-19111-exec-1] INFO  org.springframework.web.servlet.DispatcherServlet - Initializing Servlet 'dispatcherServlet'
2020-08-27 20:45:36.719 [http-nio-19111-exec-1] INFO  org.springframework.web.servlet.DispatcherServlet - Completed initialization in 20 ms
2020-08-27 20:45:37.129 [http-nio-19111-exec-1] INFO  com.zmj.commom.trx.TrxUtils - transaction info by id : {"id": "9fea3079de856b18aea6f1cc435caeabb3fb6339efc671a7ce071a43a9be48bb","blockNumber": 254594,"blockTimeStamp": 1597902024000,"contractResult": ["0000000000000000000000000000000000000000000000000000000000000000"],"contract_address": "4181aebbded41c5372b6e44a2f0d47ff60fe488f09","receipt": {"energy_usage": 14309,"energy_usage_total": 14309,"net_usage": 346,"result": "SUCCESS"},"log": [{"address": "81aebbded41c5372b6e44a2f0d47ff60fe488f09","topics": ["ddf252ad1be2c89b69c2b068fc378daa952ba7f163c4a11628f55a4df523b3ef","0000000000000000000000004311f08873669b35f995e0bfb603509e1d96c380","000000000000000000000000c5e9f1c57d096eec50933b28a3169ad39cab7493"],"data": "00000000000000000000000000000000000000000000000000000000004fd968"}]}
2020-08-27 20:45:44.414 [SpringContextShutdownHook] INFO  o.s.scheduling.concurrent.ThreadPoolTaskExecutor - Shutting down ExecutorService 'applicationTaskExecutor'
2020-08-27 20:45:44.415 [SpringContextShutdownHook] INFO  com.alibaba.druid.pool.DruidDataSource - {dataSource-1} closing ...
2020-08-27 20:45:44.420 [SpringContextShutdownHook] INFO  com.alibaba.druid.pool.DruidDataSource - {dataSource-1} closed
