2020-08-23 20:32:20.312 [main] WARN  org.springframework.boot.StartupInfoLogger - InetAddress.getLocalHost().getHostName() took 5004 milliseconds to respond. Please verify your network configuration (macOS machines may need to add entries to /etc/hosts).
2020-08-23 20:32:25.328 [main] INFO  com.zmj.ZmjApplication - Starting ZmjApplication on gaihongweideMacBook-Air.local with PID 79480 (/Users/gaihongwei/tools/eclipse/workspace/zmj/target/classes started by gaihongwei in /Users/gaihongwei/tools/eclipse/workspace/zmj)
2020-08-23 20:32:25.330 [main] INFO  com.zmj.ZmjApplication - No active profile set, falling back to default profiles: default
2020-08-23 20:32:26.965 [main] INFO  o.s.d.r.config.RepositoryConfigurationDelegate - Multiple Spring Data modules found, entering strict repository configuration mode!
2020-08-23 20:32:26.974 [main] INFO  o.s.d.r.config.RepositoryConfigurationDelegate - Bootstrapping Spring Data Redis repositories in DEFAULT mode.
2020-08-23 20:32:27.073 [main] INFO  o.s.d.r.config.RepositoryConfigurationDelegate - Finished Spring Data repository scanning in 49ms. Found 0 Redis repository interfaces.
2020-08-23 20:32:28.329 [main] INFO  o.s.boot.web.embedded.tomcat.TomcatWebServer - Tomcat initialized with port(s): 19111 (http)
2020-08-23 20:32:28.356 [main] INFO  org.apache.coyote.http11.Http11NioProtocol - Initializing ProtocolHandler ["http-nio-19111"]
2020-08-23 20:32:28.357 [main] INFO  org.apache.catalina.core.StandardService - Starting service [Tomcat]
2020-08-23 20:32:28.357 [main] INFO  org.apache.catalina.core.StandardEngine - Starting Servlet engine: [Apache Tomcat/9.0.37]
2020-08-23 20:32:28.618 [main] INFO  o.a.c.core.ContainerBase.[Tomcat].[localhost].[/] - Initializing Spring embedded WebApplicationContext
2020-08-23 20:32:28.620 [main] INFO  o.s.b.w.s.c.ServletWebServerApplicationContext - Root WebApplicationContext: initialization completed in 3167 ms
2020-08-23 20:32:29.272 [main] INFO  c.a.d.s.b.a.DruidDataSourceAutoConfigure - Init DruidDataSource
2020-08-23 20:32:29.690 [main] INFO  com.alibaba.druid.pool.DruidDataSource - {dataSource-1} inited
2020-08-23 20:32:30.493 [main] INFO  o.s.scheduling.concurrent.ThreadPoolTaskExecutor - Initializing ExecutorService 'applicationTaskExecutor'
2020-08-23 20:32:31.088 [main] INFO  org.apache.coyote.http11.Http11NioProtocol - Starting ProtocolHandler ["http-nio-19111"]
2020-08-23 20:32:31.175 [main] INFO  o.s.boot.web.embedded.tomcat.TomcatWebServer - Tomcat started on port(s): 19111 (http) with context path ''
2020-08-23 20:32:31.200 [main] INFO  com.zmj.ZmjApplication - Started ZmjApplication in 27.344 seconds (JVM running for 28.519)
2020-08-23 20:36:48.562 [http-nio-19111-exec-1] INFO  o.a.c.core.ContainerBase.[Tomcat].[localhost].[/] - Initializing Spring DispatcherServlet 'dispatcherServlet'
2020-08-23 20:36:48.564 [http-nio-19111-exec-1] INFO  org.springframework.web.servlet.DispatcherServlet - Initializing Servlet 'dispatcherServlet'
2020-08-23 20:36:48.579 [http-nio-19111-exec-1] INFO  org.springframework.web.servlet.DispatcherServlet - Completed initialization in 15 ms
2020-08-23 20:36:52.019 [http-nio-19111-exec-1] INFO  com.zmj.commom.xrp.XrpUtils - account info is : {"result":{"account_data":{"Account":"rfRBucPC5mPASNb9Nn2MxaXxPggTdUCNjn","Balance":"784709600","Flags":0,"LedgerEntryType":"AccountRoot","OwnerCount":0,"PreviousTxnID":"37DBD558B42901FA7DFC5BC3645856873879D535D5AD3FF9C7473EA6C0F57C47","PreviousTxnLgrSeq":9961947,"Sequence":8298897,"index":"D5B0C0E33D2B927687EF7B0A596780EB858F2C054B85A11F715B4BDD0115D79C"},"ledger_current_index":9962144,"queue_data":{"txn_count":0},"status":"success","validated":false}}
2020-08-23 20:36:52.516 [http-nio-19111-exec-1] INFO  com.zmj.commom.xrp.XrpUtils - tx_blob is : 120000228000000024007EA1912E0001875A201B05F01A4461400000000010EFF068400000000000000A732102AB5DD85E66DF588D57657C31CB314CB71634B4D00B66A1CF10AFDB5F3920D0A77446304402207408809CF24381AC44A7FE97D617720BD1FA2B5A8BAC5C817A75E30C1411C204022010C79D2FEDEEEB6443D96DEE1005E635E2922DA70222092ECCB2C12A294C953481144663D7B16B545B08932DED8BB76635F84CD0EC1883143930C26E8055B241C271D4555B79AD7CD9C519ED
2020-08-23 20:36:53.511 [http-nio-19111-exec-1] INFO  com.zmj.commom.xrp.XrpUtils - submit result is : {"result":{"accepted":true,"account_sequence_available":8298898,"account_sequence_next":8298898,"applied":true,"broadcast":true,"engine_result":"tesSUCCESS","engine_result_code":0,"engine_result_message":"The transaction was applied. Only final in a validated ledger.","kept":true,"open_ledger_cost":"10","queued":false,"status":"success","tx_blob":"120000228000000024007EA1912E0001875A201B05F01A4461400000000010EFF068400000000000000A732102AB5DD85E66DF588D57657C31CB314CB71634B4D00B66A1CF10AFDB5F3920D0A77446304402207408809CF24381AC44A7FE97D617720BD1FA2B5A8BAC5C817A75E30C1411C204022010C79D2FEDEEEB6443D96DEE1005E635E2922DA70222092ECCB2C12A294C953481144663D7B16B545B08932DED8BB76635F84CD0EC1883143930C26E8055B241C271D4555B79AD7CD9C519ED","tx_json":{"Account":"rfRBucPC5mPASNb9Nn2MxaXxPggTdUCNjn","Amount":"1110000","Destination":"raDPvocc8DQbDNfqG4DLRyWmL98PhLPY4f","DestinationTag":100186,"Fee":"10","Flags":2147483648,"LastLedgerSequence":99621444,"Sequence":8298897,"SigningPubKey":"02AB5DD85E66DF588D57657C31CB314CB71634B4D00B66A1CF10AFDB5F3920D0A7","TransactionType":"Payment","TxnSignature":"304402207408809CF24381AC44A7FE97D617720BD1FA2B5A8BAC5C817A75E30C1411C204022010C79D2FEDEEEB6443D96DEE1005E635E2922DA70222092ECCB2C12A294C9534","hash":"A5CE329B740C6B81A79B18D79075A744AC500F088DA2DAC8F5AF3437A1318AE9"},"validated_ledger_index":9962143}}
2020-08-23 20:36:53.511 [http-nio-19111-exec-1] INFO  com.zmj.controller.xrp.XrpController - {"result":{"accepted":true,"account_sequence_available":8298898,"account_sequence_next":8298898,"applied":true,"broadcast":true,"engine_result":"tesSUCCESS","engine_result_code":0,"engine_result_message":"The transaction was applied. Only final in a validated ledger.","kept":true,"open_ledger_cost":"10","queued":false,"status":"success","tx_blob":"120000228000000024007EA1912E0001875A201B05F01A4461400000000010EFF068400000000000000A732102AB5DD85E66DF588D57657C31CB314CB71634B4D00B66A1CF10AFDB5F3920D0A77446304402207408809CF24381AC44A7FE97D617720BD1FA2B5A8BAC5C817A75E30C1411C204022010C79D2FEDEEEB6443D96DEE1005E635E2922DA70222092ECCB2C12A294C953481144663D7B16B545B08932DED8BB76635F84CD0EC1883143930C26E8055B241C271D4555B79AD7CD9C519ED","tx_json":{"Account":"rfRBucPC5mPASNb9Nn2MxaXxPggTdUCNjn","Amount":"1110000","Destination":"raDPvocc8DQbDNfqG4DLRyWmL98PhLPY4f","DestinationTag":100186,"Fee":"10","Flags":2147483648,"LastLedgerSequence":99621444,"Sequence":8298897,"SigningPubKey":"02AB5DD85E66DF588D57657C31CB314CB71634B4D00B66A1CF10AFDB5F3920D0A7","TransactionType":"Payment","TxnSignature":"304402207408809CF24381AC44A7FE97D617720BD1FA2B5A8BAC5C817A75E30C1411C204022010C79D2FEDEEEB6443D96DEE1005E635E2922DA70222092ECCB2C12A294C9534","hash":"A5CE329B740C6B81A79B18D79075A744AC500F088DA2DAC8F5AF3437A1318AE9"},"validated_ledger_index":9962143}}
2020-08-23 20:45:48.868 [SpringContextShutdownHook] INFO  o.s.scheduling.concurrent.ThreadPoolTaskExecutor - Shutting down ExecutorService 'applicationTaskExecutor'
2020-08-23 20:45:48.871 [SpringContextShutdownHook] INFO  com.alibaba.druid.pool.DruidDataSource - {dataSource-1} closing ...
2020-08-23 20:45:48.882 [SpringContextShutdownHook] INFO  com.alibaba.druid.pool.DruidDataSource - {dataSource-1} closed
